The system is: Linux - 5.15.49-linuxkit - aarch64
Compiling the C compiler identification source file "CMakeCCompilerId.c" succeeded.
Compiler: /usr/bin/aarch64-linux-gnu-gcc 
Build flags: 
Id flags:  

The output was:
0


Compilation of the C compiler identification source "CMakeCCompilerId.c" produced "a.out"

The C compiler identification is GNU, found in "/com.docker.devenvironments.code/build/CMakeFiles/3.18.4/CompilerIdC/a.out"

Compiling the CXX compiler identification source file "CMakeCXXCompilerId.cpp" succeeded.
Compiler: /usr/bin/aarch64-linux-gnu-g++ 
Build flags: 
Id flags:  

The output was:
0


Compilation of the CXX compiler identification source "CMakeCXXCompilerId.cpp" produced "a.out"

The CXX compiler identification is GNU, found in "/com.docker.devenvironments.code/build/CMakeFiles/3.18.4/CompilerIdCXX/a.out"

Detecting C compiler ABI info compiled with the following output:
Change Dir: /com.docker.devenvironments.code/build/CMakeFiles/CMakeTmp

Run Build Command(s):/usr/bin/gmake cmTC_731ff/fast && /usr/bin/gmake  -f CMakeFiles/cmTC_731ff.dir/build.make CMakeFiles/cmTC_731ff.dir/build
gmake[1]: Entering directory '/com.docker.devenvironments.code/build/CMakeFiles/CMakeTmp'
Building C object CMakeFiles/cmTC_731ff.dir/CMakeCCompilerABI.c.o
/usr/bin/aarch64-linux-gnu-gcc   -v -o CMakeFiles/cmTC_731ff.dir/CMakeCCompilerABI.c.o -c /usr/share/cmake-3.18/Modules/CMakeCCompilerABI.c
Using built-in specs.
COLLECT_GCC=/usr/bin/aarch64-linux-gnu-gcc
Target: aarch64-linux-gnu
Configured with: ../src/configure -v --with-pkgversion='Debian 10.2.1-6' --with-bugurl=file:///usr/share/doc/gcc-10/README.Bugs --enable-languages=c,ada,c++,go,d,fortran,objc,obj-c++,m2 --prefix=/usr --with-gcc-major-version-only --program-suffix=-10 --program-prefix=aarch64-linux-gnu- --enable-shared --enable-linker-build-id --libexecdir=/usr/lib --without-included-gettext --enable-threads=posix --libdir=/usr/lib --enable-nls --enable-bootstrap --enable-clocale=gnu --enable-libstdcxx-debug --enable-libstdcxx-time=yes --with-default-libstdcxx-abi=new --enable-gnu-unique-object --disable-libquadmath --disable-libquadmath-support --enable-plugin --enable-default-pie --with-system-zlib --enable-libphobos-checking=release --with-target-system-zlib=auto --enable-objc-gc=auto --enable-multiarch --enable-fix-cortex-a53-843419 --disable-werror --enable-checking=release --build=aarch64-linux-gnu --host=aarch64-linux-gnu --target=aarch64-linux-gnu --with-build-config=bootstrap-lto-lean --enable-link-mutex
Thread model: posix
Supported LTO compression algorithms: zlib zstd
gcc version 10.2.1 20210110 (Debian 10.2.1-6) 
COLLECT_GCC_OPTIONS='-v' '-o' 'CMakeFiles/cmTC_731ff.dir/CMakeCCompilerABI.c.o' '-c' '-mlittle-endian' '-mabi=lp64'
 /usr/lib/gcc/aarch64-linux-gnu/10/cc1 -quiet -v -imultiarch aarch64-linux-gnu /usr/share/cmake-3.18/Modules/CMakeCCompilerABI.c -quiet -dumpbase CMakeCCompilerABI.c -mlittle-endian -mabi=lp64 -auxbase-strip CMakeFiles/cmTC_731ff.dir/CMakeCCompilerABI.c.o -version -fasynchronous-unwind-tables -o /tmp/ccjNZHEU.s
GNU C17 (Debian 10.2.1-6) version 10.2.1 20210110 (aarch64-linux-gnu)
	compiled by GNU C version 10.2.1 20210110, GMP version 6.2.1, MPFR version 4.1.0, MPC version 1.2.0, isl version isl-0.23-GMP

GGC heuristics: --param ggc-min-expand=100 --param ggc-min-heapsize=131072
ignoring nonexistent directory "/usr/local/include/aarch64-linux-gnu"
ignoring nonexistent directory "/usr/lib/gcc/aarch64-linux-gnu/10/include-fixed"
ignoring nonexistent directory "/usr/lib/gcc/aarch64-linux-gnu/10/../../../../aarch64-linux-gnu/include"
#include "..." search starts here:
#include <...> search starts here:
 /usr/lib/gcc/aarch64-linux-gnu/10/include
 /usr/local/include
 /usr/include/aarch64-linux-gnu
 /usr/include
End of search list.
GNU C17 (Debian 10.2.1-6) version 10.2.1 20210110 (aarch64-linux-gnu)
	compiled by GNU C version 10.2.1 20210110, GMP version 6.2.1, MPFR version 4.1.0, MPC version 1.2.0, isl version isl-0.23-GMP

GGC heuristics: --param ggc-min-expand=100 --param ggc-min-heapsize=131072
Compiler executable checksum: 09f7dee817ee0ac81dbfe2e711a5f862
COLLECT_GCC_OPTIONS='-v' '-o' 'CMakeFiles/cmTC_731ff.dir/CMakeCCompilerABI.c.o' '-c' '-mlittle-endian' '-mabi=lp64'
 as -v -EL -mabi=lp64 -o CMakeFiles/cmTC_731ff.dir/CMakeCCompilerABI.c.o /tmp/ccjNZHEU.s
GNU assembler version 2.35.2 (aarch64-linux-gnu) using BFD version (GNU Binutils for Debian) 2.35.2
COMPILER_PATH=/usr/lib/gcc/aarch64-linux-gnu/10/:/usr/lib/gcc/aarch64-linux-gnu/10/:/usr/lib/gcc/aarch64-linux-gnu/:/usr/lib/gcc/aarch64-linux-gnu/10/:/usr/lib/gcc/aarch64-linux-gnu/
LIBRARY_PATH=/usr/lib/gcc/aarch64-linux-gnu/10/:/usr/lib/gcc/aarch64-linux-gnu/10/../../../aarch64-linux-gnu/:/usr/lib/gcc/aarch64-linux-gnu/10/../../../../lib/:/lib/aarch64-linux-gnu/:/lib/../lib/:/usr/lib/aarch64-linux-gnu/:/usr/lib/../lib/:/usr/lib/gcc/aarch64-linux-gnu/10/../../../:/lib/:/usr/lib/
COLLECT_GCC_OPTIONS='-v' '-o' 'CMakeFiles/cmTC_731ff.dir/CMakeCCompilerABI.c.o' '-c' '-mlittle-endian' '-mabi=lp64'
Linking C executable cmTC_731ff
/usr/bin/cmake -E cmake_link_script CMakeFiles/cmTC_731ff.dir/link.txt --verbose=1
/usr/bin/aarch64-linux-gnu-gcc  -v -rdynamic CMakeFiles/cmTC_731ff.dir/CMakeCCompilerABI.c.o -o cmTC_731ff 
Using built-in specs.
COLLECT_GCC=/usr/bin/aarch64-linux-gnu-gcc
COLLECT_LTO_WRAPPER=/usr/lib/gcc/aarch64-linux-gnu/10/lto-wrapper
Target: aarch64-linux-gnu
Configured with: ../src/configure -v --with-pkgversion='Debian 10.2.1-6' --with-bugurl=file:///usr/share/doc/gcc-10/README.Bugs --enable-languages=c,ada,c++,go,d,fortran,objc,obj-c++,m2 --prefix=/usr --with-gcc-major-version-only --program-suffix=-10 --program-prefix=aarch64-linux-gnu- --enable-shared --enable-linker-build-id --libexecdir=/usr/lib --without-included-gettext --enable-threads=posix --libdir=/usr/lib --enable-nls --enable-bootstrap --enable-clocale=gnu --enable-libstdcxx-debug --enable-libstdcxx-time=yes --with-default-libstdcxx-abi=new --enable-gnu-unique-object --disable-libquadmath --disable-libquadmath-support --enable-plugin --enable-default-pie --with-system-zlib --enable-libphobos-checking=release --with-target-system-zlib=auto --enable-objc-gc=auto --enable-multiarch --enable-fix-cortex-a53-843419 --disable-werror --enable-checking=release --build=aarch64-linux-gnu --host=aarch64-linux-gnu --target=aarch64-linux-gnu --with-build-config=bootstrap-lto-lean --enable-link-mutex
Thread model: posix
Supported LTO compression algorithms: zlib zstd
gcc version 10.2.1 20210110 (Debian 10.2.1-6) 
COMPILER_PATH=/usr/lib/gcc/aarch64-linux-gnu/10/:/usr/lib/gcc/aarch64-linux-gnu/10/:/usr/lib/gcc/aarch64-linux-gnu/:/usr/lib/gcc/aarch64-linux-gnu/10/:/usr/lib/gcc/aarch64-linux-gnu/
LIBRARY_PATH=/usr/lib/gcc/aarch64-linux-gnu/10/:/usr/lib/gcc/aarch64-linux-gnu/10/../../../aarch64-linux-gnu/:/usr/lib/gcc/aarch64-linux-gnu/10/../../../../lib/:/lib/aarch64-linux-gnu/:/lib/../lib/:/usr/lib/aarch64-linux-gnu/:/usr/lib/../lib/:/usr/lib/gcc/aarch64-linux-gnu/10/../../../:/lib/:/usr/lib/
COLLECT_GCC_OPTIONS='-v' '-rdynamic' '-o' 'cmTC_731ff' '-mlittle-endian' '-mabi=lp64'
 /usr/lib/gcc/aarch64-linux-gnu/10/collect2 -plugin /usr/lib/gcc/aarch64-linux-gnu/10/liblto_plugin.so -plugin-opt=/usr/lib/gcc/aarch64-linux-gnu/10/lto-wrapper -plugin-opt=-fresolution=/tmp/ccmHY2Dy.res -plugin-opt=-pass-through=-lgcc -plugin-opt=-pass-through=-lgcc_s -plugin-opt=-pass-through=-lc -plugin-opt=-pass-through=-lgcc -plugin-opt=-pass-through=-lgcc_s --build-id --eh-frame-hdr --hash-style=gnu --as-needed -export-dynamic -dynamic-linker /lib/ld-linux-aarch64.so.1 -X -EL -maarch64linux --fix-cortex-a53-843419 -pie -o cmTC_731ff /usr/lib/gcc/aarch64-linux-gnu/10/../../../aarch64-linux-gnu/Scrt1.o /usr/lib/gcc/aarch64-linux-gnu/10/../../../aarch64-linux-gnu/crti.o /usr/lib/gcc/aarch64-linux-gnu/10/crtbeginS.o -L/usr/lib/gcc/aarch64-linux-gnu/10 -L/usr/lib/gcc/aarch64-linux-gnu/10/../../../aarch64-linux-gnu -L/usr/lib/gcc/aarch64-linux-gnu/10/../../../../lib -L/lib/aarch64-linux-gnu -L/lib/../lib -L/usr/lib/aarch64-linux-gnu -L/usr/lib/../lib -L/usr/lib/gcc/aarch64-linux-gnu/10/../../.. CMakeFiles/cmTC_731ff.dir/CMakeCCompilerABI.c.o -lgcc --push-state --as-needed -lgcc_s --pop-state -lc -lgcc --push-state --as-needed -lgcc_s --pop-state /usr/lib/gcc/aarch64-linux-gnu/10/crtendS.o /usr/lib/gcc/aarch64-linux-gnu/10/../../../aarch64-linux-gnu/crtn.o
COLLECT_GCC_OPTIONS='-v' '-rdynamic' '-o' 'cmTC_731ff' '-mlittle-endian' '-mabi=lp64'
gmake[1]: Leaving directory '/com.docker.devenvironments.code/build/CMakeFiles/CMakeTmp'



Parsed C implicit include dir info from above output: rv=done
  found start of include info
  found start of implicit include info
    add: [/usr/lib/gcc/aarch64-linux-gnu/10/include]
    add: [/usr/local/include]
    add: [/usr/include/aarch64-linux-gnu]
    add: [/usr/include]
  end of search list found
  collapse include dir [/usr/lib/gcc/aarch64-linux-gnu/10/include] ==> [/usr/lib/gcc/aarch64-linux-gnu/10/include]
  collapse include dir [/usr/local/include] ==> [/usr/local/include]
  collapse include dir [/usr/include/aarch64-linux-gnu] ==> [/usr/include/aarch64-linux-gnu]
  collapse include dir [/usr/include] ==> [/usr/include]
  implicit include dirs: [/usr/lib/gcc/aarch64-linux-gnu/10/include;/usr/local/include;/usr/include/aarch64-linux-gnu;/usr/include]


Parsed C implicit link information from above output:
  link line regex: [^( *|.*[/\])(aarch64-linux-gnu-ld|CMAKE_LINK_STARTFILE-NOTFOUND|([^/\]+-)?ld|collect2)[^/\]*( |$)]
  ignore line: [Change Dir: /com.docker.devenvironments.code/build/CMakeFiles/CMakeTmp]
  ignore line: []
  ignore line: [Run Build Command(s):/usr/bin/gmake cmTC_731ff/fast && /usr/bin/gmake  -f CMakeFiles/cmTC_731ff.dir/build.make CMakeFiles/cmTC_731ff.dir/build]
  ignore line: [gmake[1]: Entering directory '/com.docker.devenvironments.code/build/CMakeFiles/CMakeTmp']
  ignore line: [Building C object CMakeFiles/cmTC_731ff.dir/CMakeCCompilerABI.c.o]
  ignore line: [/usr/bin/aarch64-linux-gnu-gcc   -v -o CMakeFiles/cmTC_731ff.dir/CMakeCCompilerABI.c.o -c /usr/share/cmake-3.18/Modules/CMakeCCompilerABI.c]
  ignore line: [Using built-in specs.]
  ignore line: [COLLECT_GCC=/usr/bin/aarch64-linux-gnu-gcc]
  ignore line: [Target: aarch64-linux-gnu]
  ignore line: [Configured with: ../src/configure -v --with-pkgversion='Debian 10.2.1-6' --with-bugurl=file:///usr/share/doc/gcc-10/README.Bugs --enable-languages=c ada c++ go d fortran objc obj-c++ m2 --prefix=/usr --with-gcc-major-version-only --program-suffix=-10 --program-prefix=aarch64-linux-gnu- --enable-shared --enable-linker-build-id --libexecdir=/usr/lib --without-included-gettext --enable-threads=posix --libdir=/usr/lib --enable-nls --enable-bootstrap --enable-clocale=gnu --enable-libstdcxx-debug --enable-libstdcxx-time=yes --with-default-libstdcxx-abi=new --enable-gnu-unique-object --disable-libquadmath --disable-libquadmath-support --enable-plugin --enable-default-pie --with-system-zlib --enable-libphobos-checking=release --with-target-system-zlib=auto --enable-objc-gc=auto --enable-multiarch --enable-fix-cortex-a53-843419 --disable-werror --enable-checking=release --build=aarch64-linux-gnu --host=aarch64-linux-gnu --target=aarch64-linux-gnu --with-build-config=bootstrap-lto-lean --enable-link-mutex]
  ignore line: [Thread model: posix]
  ignore line: [Supported LTO compression algorithms: zlib zstd]
  ignore line: [gcc version 10.2.1 20210110 (Debian 10.2.1-6) ]
  ignore line: [COLLECT_GCC_OPTIONS='-v' '-o' 'CMakeFiles/cmTC_731ff.dir/CMakeCCompilerABI.c.o' '-c' '-mlittle-endian' '-mabi=lp64']
  ignore line: [ /usr/lib/gcc/aarch64-linux-gnu/10/cc1 -quiet -v -imultiarch aarch64-linux-gnu /usr/share/cmake-3.18/Modules/CMakeCCompilerABI.c -quiet -dumpbase CMakeCCompilerABI.c -mlittle-endian -mabi=lp64 -auxbase-strip CMakeFiles/cmTC_731ff.dir/CMakeCCompilerABI.c.o -version -fasynchronous-unwind-tables -o /tmp/ccjNZHEU.s]
  ignore line: [GNU C17 (Debian 10.2.1-6) version 10.2.1 20210110 (aarch64-linux-gnu)]
  ignore line: [	compiled by GNU C version 10.2.1 20210110  GMP version 6.2.1  MPFR version 4.1.0  MPC version 1.2.0  isl version isl-0.23-GMP]
  ignore line: []
  ignore line: [GGC heuristics: --param ggc-min-expand=100 --param ggc-min-heapsize=131072]
  ignore line: [ignoring nonexistent directory "/usr/local/include/aarch64-linux-gnu"]
  ignore line: [ignoring nonexistent directory "/usr/lib/gcc/aarch64-linux-gnu/10/include-fixed"]
  ignore line: [ignoring nonexistent directory "/usr/lib/gcc/aarch64-linux-gnu/10/../../../../aarch64-linux-gnu/include"]
  ignore line: [#include "..." search starts here:]
  ignore line: [#include <...> search starts here:]
  ignore line: [ /usr/lib/gcc/aarch64-linux-gnu/10/include]
  ignore line: [ /usr/local/include]
  ignore line: [ /usr/include/aarch64-linux-gnu]
  ignore line: [ /usr/include]
  ignore line: [End of search list.]
  ignore line: [GNU C17 (Debian 10.2.1-6) version 10.2.1 20210110 (aarch64-linux-gnu)]
  ignore line: [	compiled by GNU C version 10.2.1 20210110  GMP version 6.2.1  MPFR version 4.1.0  MPC version 1.2.0  isl version isl-0.23-GMP]
  ignore line: []
  ignore line: [GGC heuristics: --param ggc-min-expand=100 --param ggc-min-heapsize=131072]
  ignore line: [Compiler executable checksum: 09f7dee817ee0ac81dbfe2e711a5f862]
  ignore line: [COLLECT_GCC_OPTIONS='-v' '-o' 'CMakeFiles/cmTC_731ff.dir/CMakeCCompilerABI.c.o' '-c' '-mlittle-endian' '-mabi=lp64']
  ignore line: [ as -v -EL -mabi=lp64 -o CMakeFiles/cmTC_731ff.dir/CMakeCCompilerABI.c.o /tmp/ccjNZHEU.s]
  ignore line: [GNU assembler version 2.35.2 (aarch64-linux-gnu) using BFD version (GNU Binutils for Debian) 2.35.2]
  ignore line: [COMPILER_PATH=/usr/lib/gcc/aarch64-linux-gnu/10/:/usr/lib/gcc/aarch64-linux-gnu/10/:/usr/lib/gcc/aarch64-linux-gnu/:/usr/lib/gcc/aarch64-linux-gnu/10/:/usr/lib/gcc/aarch64-linux-gnu/]
  ignore line: [LIBRARY_PATH=/usr/lib/gcc/aarch64-linux-gnu/10/:/usr/lib/gcc/aarch64-linux-gnu/10/../../../aarch64-linux-gnu/:/usr/lib/gcc/aarch64-linux-gnu/10/../../../../lib/:/lib/aarch64-linux-gnu/:/lib/../lib/:/usr/lib/aarch64-linux-gnu/:/usr/lib/../lib/:/usr/lib/gcc/aarch64-linux-gnu/10/../../../:/lib/:/usr/lib/]
  ignore line: [COLLECT_GCC_OPTIONS='-v' '-o' 'CMakeFiles/cmTC_731ff.dir/CMakeCCompilerABI.c.o' '-c' '-mlittle-endian' '-mabi=lp64']
  ignore line: [Linking C executable cmTC_731ff]
  ignore line: [/usr/bin/cmake -E cmake_link_script CMakeFiles/cmTC_731ff.dir/link.txt --verbose=1]
  ignore line: [/usr/bin/aarch64-linux-gnu-gcc  -v -rdynamic CMakeFiles/cmTC_731ff.dir/CMakeCCompilerABI.c.o -o cmTC_731ff ]
  ignore line: [Using built-in specs.]
  ignore line: [COLLECT_GCC=/usr/bin/aarch64-linux-gnu-gcc]
  ignore line: [COLLECT_LTO_WRAPPER=/usr/lib/gcc/aarch64-linux-gnu/10/lto-wrapper]
  ignore line: [Target: aarch64-linux-gnu]
  ignore line: [Configured with: ../src/configure -v --with-pkgversion='Debian 10.2.1-6' --with-bugurl=file:///usr/share/doc/gcc-10/README.Bugs --enable-languages=c ada c++ go d fortran objc obj-c++ m2 --prefix=/usr --with-gcc-major-version-only --program-suffix=-10 --program-prefix=aarch64-linux-gnu- --enable-shared --enable-linker-build-id --libexecdir=/usr/lib --without-included-gettext --enable-threads=posix --libdir=/usr/lib --enable-nls --enable-bootstrap --enable-clocale=gnu --enable-libstdcxx-debug --enable-libstdcxx-time=yes --with-default-libstdcxx-abi=new --enable-gnu-unique-object --disable-libquadmath --disable-libquadmath-support --enable-plugin --enable-default-pie --with-system-zlib --enable-libphobos-checking=release --with-target-system-zlib=auto --enable-objc-gc=auto --enable-multiarch --enable-fix-cortex-a53-843419 --disable-werror --enable-checking=release --build=aarch64-linux-gnu --host=aarch64-linux-gnu --target=aarch64-linux-gnu --with-build-config=bootstrap-lto-lean --enable-link-mutex]
  ignore line: [Thread model: posix]
  ignore line: [Supported LTO compression algorithms: zlib zstd]
  ignore line: [gcc version 10.2.1 20210110 (Debian 10.2.1-6) ]
  ignore line: [COMPILER_PATH=/usr/lib/gcc/aarch64-linux-gnu/10/:/usr/lib/gcc/aarch64-linux-gnu/10/:/usr/lib/gcc/aarch64-linux-gnu/:/usr/lib/gcc/aarch64-linux-gnu/10/:/usr/lib/gcc/aarch64-linux-gnu/]
  ignore line: [LIBRARY_PATH=/usr/lib/gcc/aarch64-linux-gnu/10/:/usr/lib/gcc/aarch64-linux-gnu/10/../../../aarch64-linux-gnu/:/usr/lib/gcc/aarch64-linux-gnu/10/../../../../lib/:/lib/aarch64-linux-gnu/:/lib/../lib/:/usr/lib/aarch64-linux-gnu/:/usr/lib/../lib/:/usr/lib/gcc/aarch64-linux-gnu/10/../../../:/lib/:/usr/lib/]
  ignore line: [COLLECT_GCC_OPTIONS='-v' '-rdynamic' '-o' 'cmTC_731ff' '-mlittle-endian' '-mabi=lp64']
  link line: [ /usr/lib/gcc/aarch64-linux-gnu/10/collect2 -plugin /usr/lib/gcc/aarch64-linux-gnu/10/liblto_plugin.so -plugin-opt=/usr/lib/gcc/aarch64-linux-gnu/10/lto-wrapper -plugin-opt=-fresolution=/tmp/ccmHY2Dy.res -plugin-opt=-pass-through=-lgcc -plugin-opt=-pass-through=-lgcc_s -plugin-opt=-pass-through=-lc -plugin-opt=-pass-through=-lgcc -plugin-opt=-pass-through=-lgcc_s --build-id --eh-frame-hdr --hash-style=gnu --as-needed -export-dynamic -dynamic-linker /lib/ld-linux-aarch64.so.1 -X -EL -maarch64linux --fix-cortex-a53-843419 -pie -o cmTC_731ff /usr/lib/gcc/aarch64-linux-gnu/10/../../../aarch64-linux-gnu/Scrt1.o /usr/lib/gcc/aarch64-linux-gnu/10/../../../aarch64-linux-gnu/crti.o /usr/lib/gcc/aarch64-linux-gnu/10/crtbeginS.o -L/usr/lib/gcc/aarch64-linux-gnu/10 -L/usr/lib/gcc/aarch64-linux-gnu/10/../../../aarch64-linux-gnu -L/usr/lib/gcc/aarch64-linux-gnu/10/../../../../lib -L/lib/aarch64-linux-gnu -L/lib/../lib -L/usr/lib/aarch64-linux-gnu -L/usr/lib/../lib -L/usr/lib/gcc/aarch64-linux-gnu/10/../../.. CMakeFiles/cmTC_731ff.dir/CMakeCCompilerABI.c.o -lgcc --push-state --as-needed -lgcc_s --pop-state -lc -lgcc --push-state --as-needed -lgcc_s --pop-state /usr/lib/gcc/aarch64-linux-gnu/10/crtendS.o /usr/lib/gcc/aarch64-linux-gnu/10/../../../aarch64-linux-gnu/crtn.o]
    arg [/usr/lib/gcc/aarch64-linux-gnu/10/collect2] ==> ignore
    arg [-plugin] ==> ignore
    arg [/usr/lib/gcc/aarch64-linux-gnu/10/liblto_plugin.so] ==> ignore
    arg [-plugin-opt=/usr/lib/gcc/aarch64-linux-gnu/10/lto-wrapper] ==> ignore
    arg [-plugin-opt=-fresolution=/tmp/ccmHY2Dy.res] ==> ignore
    arg [-plugin-opt=-pass-through=-lgcc] ==> ignore
    arg [-plugin-opt=-pass-through=-lgcc_s] ==> ignore
    arg [-plugin-opt=-pass-through=-lc] ==> ignore
    arg [-plugin-opt=-pass-through=-lgcc] ==> ignore
    arg [-plugin-opt=-pass-through=-lgcc_s] ==> ignore
    arg [--build-id] ==> ignore
    arg [--eh-frame-hdr] ==> ignore
    arg [--hash-style=gnu] ==> ignore
    arg [--as-needed] ==> ignore
    arg [-export-dynamic] ==> ignore
    arg [-dynamic-linker] ==> ignore
    arg [/lib/ld-linux-aarch64.so.1] ==> ignore
    arg [-X] ==> ignore
    arg [-EL] ==> ignore
    arg [-maarch64linux] ==> ignore
    arg [--fix-cortex-a53-843419] ==> ignore
    arg [-pie] ==> ignore
    arg [-o] ==> ignore
    arg [cmTC_731ff] ==> ignore
    arg [/usr/lib/gcc/aarch64-linux-gnu/10/../../../aarch64-linux-gnu/Scrt1.o] ==> ignore
    arg [/usr/lib/gcc/aarch64-linux-gnu/10/../../../aarch64-linux-gnu/crti.o] ==> ignore
    arg [/usr/lib/gcc/aarch64-linux-gnu/10/crtbeginS.o] ==> ignore
    arg [-L/usr/lib/gcc/aarch64-linux-gnu/10] ==> dir [/usr/lib/gcc/aarch64-linux-gnu/10]
    arg [-L/usr/lib/gcc/aarch64-linux-gnu/10/../../../aarch64-linux-gnu] ==> dir [/usr/lib/gcc/aarch64-linux-gnu/10/../../../aarch64-linux-gnu]
    arg [-L/usr/lib/gcc/aarch64-linux-gnu/10/../../../../lib] ==> dir [/usr/lib/gcc/aarch64-linux-gnu/10/../../../../lib]
    arg [-L/lib/aarch64-linux-gnu] ==> dir [/lib/aarch64-linux-gnu]
    arg [-L/lib/../lib] ==> dir [/lib/../lib]
    arg [-L/usr/lib/aarch64-linux-gnu] ==> dir [/usr/lib/aarch64-linux-gnu]
    arg [-L/usr/lib/../lib] ==> dir [/usr/lib/../lib]
    arg [-L/usr/lib/gcc/aarch64-linux-gnu/10/../../..] ==> dir [/usr/lib/gcc/aarch64-linux-gnu/10/../../..]
    arg [CMakeFiles/cmTC_731ff.dir/CMakeCCompilerABI.c.o] ==> ignore
    arg [-lgcc] ==> lib [gcc]
    arg [--push-state] ==> ignore
    arg [--as-needed] ==> ignore
    arg [-lgcc_s] ==> lib [gcc_s]
    arg [--pop-state] ==> ignore
    arg [-lc] ==> lib [c]
    arg [-lgcc] ==> lib [gcc]
    arg [--push-state] ==> ignore
    arg [--as-needed] ==> ignore
    arg [-lgcc_s] ==> lib [gcc_s]
    arg [--pop-state] ==> ignore
    arg [/usr/lib/gcc/aarch64-linux-gnu/10/crtendS.o] ==> ignore
    arg [/usr/lib/gcc/aarch64-linux-gnu/10/../../../aarch64-linux-gnu/crtn.o] ==> ignore
  collapse library dir [/usr/lib/gcc/aarch64-linux-gnu/10] ==> [/usr/lib/gcc/aarch64-linux-gnu/10]
  collapse library dir [/usr/lib/gcc/aarch64-linux-gnu/10/../../../aarch64-linux-gnu] ==> [/usr/lib/aarch64-linux-gnu]
  collapse library dir [/usr/lib/gcc/aarch64-linux-gnu/10/../../../../lib] ==> [/usr/lib]
  collapse library dir [/lib/aarch64-linux-gnu] ==> [/lib/aarch64-linux-gnu]
  collapse library dir [/lib/../lib] ==> [/lib]
  collapse library dir [/usr/lib/aarch64-linux-gnu] ==> [/usr/lib/aarch64-linux-gnu]
  collapse library dir [/usr/lib/../lib] ==> [/usr/lib]
  collapse library dir [/usr/lib/gcc/aarch64-linux-gnu/10/../../..] ==> [/usr/lib]
  implicit libs: [gcc;gcc_s;c;gcc;gcc_s]
  implicit dirs: [/usr/lib/gcc/aarch64-linux-gnu/10;/usr/lib/aarch64-linux-gnu;/usr/lib;/lib/aarch64-linux-gnu;/lib]
  implicit fwks: []


Detecting CXX compiler ABI info compiled with the following output:
Change Dir: /com.docker.devenvironments.code/build/CMakeFiles/CMakeTmp

Run Build Command(s):/usr/bin/gmake cmTC_8b6d8/fast && /usr/bin/gmake  -f CMakeFiles/cmTC_8b6d8.dir/build.make CMakeFiles/cmTC_8b6d8.dir/build
gmake[1]: Entering directory '/com.docker.devenvironments.code/build/CMakeFiles/CMakeTmp'
Building CXX object CMakeFiles/cmTC_8b6d8.dir/CMakeCXXCompilerABI.cpp.o
/usr/bin/aarch64-linux-gnu-g++   -v -o CMakeFiles/cmTC_8b6d8.dir/CMakeCXXCompilerABI.cpp.o -c /usr/share/cmake-3.18/Modules/CMakeCXXCompilerABI.cpp
Using built-in specs.
COLLECT_GCC=/usr/bin/aarch64-linux-gnu-g++
Target: aarch64-linux-gnu
Configured with: ../src/configure -v --with-pkgversion='Debian 10.2.1-6' --with-bugurl=file:///usr/share/doc/gcc-10/README.Bugs --enable-languages=c,ada,c++,go,d,fortran,objc,obj-c++,m2 --prefix=/usr --with-gcc-major-version-only --program-suffix=-10 --program-prefix=aarch64-linux-gnu- --enable-shared --enable-linker-build-id --libexecdir=/usr/lib --without-included-gettext --enable-threads=posix --libdir=/usr/lib --enable-nls --enable-bootstrap --enable-clocale=gnu --enable-libstdcxx-debug --enable-libstdcxx-time=yes --with-default-libstdcxx-abi=new --enable-gnu-unique-object --disable-libquadmath --disable-libquadmath-support --enable-plugin --enable-default-pie --with-system-zlib --enable-libphobos-checking=release --with-target-system-zlib=auto --enable-objc-gc=auto --enable-multiarch --enable-fix-cortex-a53-843419 --disable-werror --enable-checking=release --build=aarch64-linux-gnu --host=aarch64-linux-gnu --target=aarch64-linux-gnu --with-build-config=bootstrap-lto-lean --enable-link-mutex
Thread model: posix
Supported LTO compression algorithms: zlib zstd
gcc version 10.2.1 20210110 (Debian 10.2.1-6) 
COLLECT_GCC_OPTIONS='-v' '-o' 'CMakeFiles/cmTC_8b6d8.dir/CMakeCXXCompilerABI.cpp.o' '-c' '-shared-libgcc' '-mlittle-endian' '-mabi=lp64'
 /usr/lib/gcc/aarch64-linux-gnu/10/cc1plus -quiet -v -imultiarch aarch64-linux-gnu -D_GNU_SOURCE /usr/share/cmake-3.18/Modules/CMakeCXXCompilerABI.cpp -quiet -dumpbase CMakeCXXCompilerABI.cpp -mlittle-endian -mabi=lp64 -auxbase-strip CMakeFiles/cmTC_8b6d8.dir/CMakeCXXCompilerABI.cpp.o -version -fasynchronous-unwind-tables -o /tmp/cctW4x1t.s
GNU C++14 (Debian 10.2.1-6) version 10.2.1 20210110 (aarch64-linux-gnu)
	compiled by GNU C version 10.2.1 20210110, GMP version 6.2.1, MPFR version 4.1.0, MPC version 1.2.0, isl version isl-0.23-GMP

GGC heuristics: --param ggc-min-expand=100 --param ggc-min-heapsize=131072
ignoring duplicate directory "/usr/include/aarch64-linux-gnu/c++/10"
ignoring nonexistent directory "/usr/local/include/aarch64-linux-gnu"
ignoring nonexistent directory "/usr/lib/gcc/aarch64-linux-gnu/10/include-fixed"
ignoring nonexistent directory "/usr/lib/gcc/aarch64-linux-gnu/10/../../../../aarch64-linux-gnu/include"
#include "..." search starts here:
#include <...> search starts here:
 /usr/include/c++/10
 /usr/include/aarch64-linux-gnu/c++/10
 /usr/include/c++/10/backward
 /usr/lib/gcc/aarch64-linux-gnu/10/include
 /usr/local/include
 /usr/include/aarch64-linux-gnu
 /usr/include
End of search list.
GNU C++14 (Debian 10.2.1-6) version 10.2.1 20210110 (aarch64-linux-gnu)
	compiled by GNU C version 10.2.1 20210110, GMP version 6.2.1, MPFR version 4.1.0, MPC version 1.2.0, isl version isl-0.23-GMP

GGC heuristics: --param ggc-min-expand=100 --param ggc-min-heapsize=131072
Compiler executable checksum: 7ff9b3e77ba341f92c3fc11acba5d5f9
COLLECT_GCC_OPTIONS='-v' '-o' 'CMakeFiles/cmTC_8b6d8.dir/CMakeCXXCompilerABI.cpp.o' '-c' '-shared-libgcc' '-mlittle-endian' '-mabi=lp64'
 as -v -EL -mabi=lp64 -o CMakeFiles/cmTC_8b6d8.dir/CMakeCXXCompilerABI.cpp.o /tmp/cctW4x1t.s
GNU assembler version 2.35.2 (aarch64-linux-gnu) using BFD version (GNU Binutils for Debian) 2.35.2
COMPILER_PATH=/usr/lib/gcc/aarch64-linux-gnu/10/:/usr/lib/gcc/aarch64-linux-gnu/10/:/usr/lib/gcc/aarch64-linux-gnu/:/usr/lib/gcc/aarch64-linux-gnu/10/:/usr/lib/gcc/aarch64-linux-gnu/
LIBRARY_PATH=/usr/lib/gcc/aarch64-linux-gnu/10/:/usr/lib/gcc/aarch64-linux-gnu/10/../../../aarch64-linux-gnu/:/usr/lib/gcc/aarch64-linux-gnu/10/../../../../lib/:/lib/aarch64-linux-gnu/:/lib/../lib/:/usr/lib/aarch64-linux-gnu/:/usr/lib/../lib/:/usr/lib/gcc/aarch64-linux-gnu/10/../../../:/lib/:/usr/lib/
COLLECT_GCC_OPTIONS='-v' '-o' 'CMakeFiles/cmTC_8b6d8.dir/CMakeCXXCompilerABI.cpp.o' '-c' '-shared-libgcc' '-mlittle-endian' '-mabi=lp64'
Linking CXX executable cmTC_8b6d8
/usr/bin/cmake -E cmake_link_script CMakeFiles/cmTC_8b6d8.dir/link.txt --verbose=1
/usr/bin/aarch64-linux-gnu-g++  -v -rdynamic CMakeFiles/cmTC_8b6d8.dir/CMakeCXXCompilerABI.cpp.o -o cmTC_8b6d8 
Using built-in specs.
COLLECT_GCC=/usr/bin/aarch64-linux-gnu-g++
COLLECT_LTO_WRAPPER=/usr/lib/gcc/aarch64-linux-gnu/10/lto-wrapper
Target: aarch64-linux-gnu
Configured with: ../src/configure -v --with-pkgversion='Debian 10.2.1-6' --with-bugurl=file:///usr/share/doc/gcc-10/README.Bugs --enable-languages=c,ada,c++,go,d,fortran,objc,obj-c++,m2 --prefix=/usr --with-gcc-major-version-only --program-suffix=-10 --program-prefix=aarch64-linux-gnu- --enable-shared --enable-linker-build-id --libexecdir=/usr/lib --without-included-gettext --enable-threads=posix --libdir=/usr/lib --enable-nls --enable-bootstrap --enable-clocale=gnu --enable-libstdcxx-debug --enable-libstdcxx-time=yes --with-default-libstdcxx-abi=new --enable-gnu-unique-object --disable-libquadmath --disable-libquadmath-support --enable-plugin --enable-default-pie --with-system-zlib --enable-libphobos-checking=release --with-target-system-zlib=auto --enable-objc-gc=auto --enable-multiarch --enable-fix-cortex-a53-843419 --disable-werror --enable-checking=release --build=aarch64-linux-gnu --host=aarch64-linux-gnu --target=aarch64-linux-gnu --with-build-config=bootstrap-lto-lean --enable-link-mutex
Thread model: posix
Supported LTO compression algorithms: zlib zstd
gcc version 10.2.1 20210110 (Debian 10.2.1-6) 
COMPILER_PATH=/usr/lib/gcc/aarch64-linux-gnu/10/:/usr/lib/gcc/aarch64-linux-gnu/10/:/usr/lib/gcc/aarch64-linux-gnu/:/usr/lib/gcc/aarch64-linux-gnu/10/:/usr/lib/gcc/aarch64-linux-gnu/
LIBRARY_PATH=/usr/lib/gcc/aarch64-linux-gnu/10/:/usr/lib/gcc/aarch64-linux-gnu/10/../../../aarch64-linux-gnu/:/usr/lib/gcc/aarch64-linux-gnu/10/../../../../lib/:/lib/aarch64-linux-gnu/:/lib/../lib/:/usr/lib/aarch64-linux-gnu/:/usr/lib/../lib/:/usr/lib/gcc/aarch64-linux-gnu/10/../../../:/lib/:/usr/lib/
COLLECT_GCC_OPTIONS='-v' '-rdynamic' '-o' 'cmTC_8b6d8' '-shared-libgcc' '-mlittle-endian' '-mabi=lp64'
 /usr/lib/gcc/aarch64-linux-gnu/10/collect2 -plugin /usr/lib/gcc/aarch64-linux-gnu/10/liblto_plugin.so -plugin-opt=/usr/lib/gcc/aarch64-linux-gnu/10/lto-wrapper -plugin-opt=-fresolution=/tmp/cctQJZMZ.res -plugin-opt=-pass-through=-lgcc_s -plugin-opt=-pass-through=-lgcc -plugin-opt=-pass-through=-lc -plugin-opt=-pass-through=-lgcc_s -plugin-opt=-pass-through=-lgcc --build-id --eh-frame-hdr --hash-style=gnu --as-needed -export-dynamic -dynamic-linker /lib/ld-linux-aarch64.so.1 -X -EL -maarch64linux --fix-cortex-a53-843419 -pie -o cmTC_8b6d8 /usr/lib/gcc/aarch64-linux-gnu/10/../../../aarch64-linux-gnu/Scrt1.o /usr/lib/gcc/aarch64-linux-gnu/10/../../../aarch64-linux-gnu/crti.o /usr/lib/gcc/aarch64-linux-gnu/10/crtbeginS.o -L/usr/lib/gcc/aarch64-linux-gnu/10 -L/usr/lib/gcc/aarch64-linux-gnu/10/../../../aarch64-linux-gnu -L/usr/lib/gcc/aarch64-linux-gnu/10/../../../../lib -L/lib/aarch64-linux-gnu -L/lib/../lib -L/usr/lib/aarch64-linux-gnu -L/usr/lib/../lib -L/usr/lib/gcc/aarch64-linux-gnu/10/../../.. CMakeFiles/cmTC_8b6d8.dir/CMakeCXXCompilerABI.cpp.o -lstdc++ -lm -lgcc_s -lgcc -lc -lgcc_s -lgcc /usr/lib/gcc/aarch64-linux-gnu/10/crtendS.o /usr/lib/gcc/aarch64-linux-gnu/10/../../../aarch64-linux-gnu/crtn.o
COLLECT_GCC_OPTIONS='-v' '-rdynamic' '-o' 'cmTC_8b6d8' '-shared-libgcc' '-mlittle-endian' '-mabi=lp64'
gmake[1]: Leaving directory '/com.docker.devenvironments.code/build/CMakeFiles/CMakeTmp'



Parsed CXX implicit include dir info from above output: rv=done
  found start of include info
  found start of implicit include info
    add: [/usr/include/c++/10]
    add: [/usr/include/aarch64-linux-gnu/c++/10]
    add: [/usr/include/c++/10/backward]
    add: [/usr/lib/gcc/aarch64-linux-gnu/10/include]
    add: [/usr/local/include]
    add: [/usr/include/aarch64-linux-gnu]
    add: [/usr/include]
  end of search list found
  collapse include dir [/usr/include/c++/10] ==> [/usr/include/c++/10]
  collapse include dir [/usr/include/aarch64-linux-gnu/c++/10] ==> [/usr/include/aarch64-linux-gnu/c++/10]
  collapse include dir [/usr/include/c++/10/backward] ==> [/usr/include/c++/10/backward]
  collapse include dir [/usr/lib/gcc/aarch64-linux-gnu/10/include] ==> [/usr/lib/gcc/aarch64-linux-gnu/10/include]
  collapse include dir [/usr/local/include] ==> [/usr/local/include]
  collapse include dir [/usr/include/aarch64-linux-gnu] ==> [/usr/include/aarch64-linux-gnu]
  collapse include dir [/usr/include] ==> [/usr/include]
  implicit include dirs: [/usr/include/c++/10;/usr/include/aarch64-linux-gnu/c++/10;/usr/include/c++/10/backward;/usr/lib/gcc/aarch64-linux-gnu/10/include;/usr/local/include;/usr/include/aarch64-linux-gnu;/usr/include]


Parsed CXX implicit link information from above output:
  link line regex: [^( *|.*[/\])(aarch64-linux-gnu-ld|CMAKE_LINK_STARTFILE-NOTFOUND|([^/\]+-)?ld|collect2)[^/\]*( |$)]
  ignore line: [Change Dir: /com.docker.devenvironments.code/build/CMakeFiles/CMakeTmp]
  ignore line: []
  ignore line: [Run Build Command(s):/usr/bin/gmake cmTC_8b6d8/fast && /usr/bin/gmake  -f CMakeFiles/cmTC_8b6d8.dir/build.make CMakeFiles/cmTC_8b6d8.dir/build]
  ignore line: [gmake[1]: Entering directory '/com.docker.devenvironments.code/build/CMakeFiles/CMakeTmp']
  ignore line: [Building CXX object CMakeFiles/cmTC_8b6d8.dir/CMakeCXXCompilerABI.cpp.o]
  ignore line: [/usr/bin/aarch64-linux-gnu-g++   -v -o CMakeFiles/cmTC_8b6d8.dir/CMakeCXXCompilerABI.cpp.o -c /usr/share/cmake-3.18/Modules/CMakeCXXCompilerABI.cpp]
  ignore line: [Using built-in specs.]
  ignore line: [COLLECT_GCC=/usr/bin/aarch64-linux-gnu-g++]
  ignore line: [Target: aarch64-linux-gnu]
  ignore line: [Configured with: ../src/configure -v --with-pkgversion='Debian 10.2.1-6' --with-bugurl=file:///usr/share/doc/gcc-10/README.Bugs --enable-languages=c ada c++ go d fortran objc obj-c++ m2 --prefix=/usr --with-gcc-major-version-only --program-suffix=-10 --program-prefix=aarch64-linux-gnu- --enable-shared --enable-linker-build-id --libexecdir=/usr/lib --without-included-gettext --enable-threads=posix --libdir=/usr/lib --enable-nls --enable-bootstrap --enable-clocale=gnu --enable-libstdcxx-debug --enable-libstdcxx-time=yes --with-default-libstdcxx-abi=new --enable-gnu-unique-object --disable-libquadmath --disable-libquadmath-support --enable-plugin --enable-default-pie --with-system-zlib --enable-libphobos-checking=release --with-target-system-zlib=auto --enable-objc-gc=auto --enable-multiarch --enable-fix-cortex-a53-843419 --disable-werror --enable-checking=release --build=aarch64-linux-gnu --host=aarch64-linux-gnu --target=aarch64-linux-gnu --with-build-config=bootstrap-lto-lean --enable-link-mutex]
  ignore line: [Thread model: posix]
  ignore line: [Supported LTO compression algorithms: zlib zstd]
  ignore line: [gcc version 10.2.1 20210110 (Debian 10.2.1-6) ]
  ignore line: [COLLECT_GCC_OPTIONS='-v' '-o' 'CMakeFiles/cmTC_8b6d8.dir/CMakeCXXCompilerABI.cpp.o' '-c' '-shared-libgcc' '-mlittle-endian' '-mabi=lp64']
  ignore line: [ /usr/lib/gcc/aarch64-linux-gnu/10/cc1plus -quiet -v -imultiarch aarch64-linux-gnu -D_GNU_SOURCE /usr/share/cmake-3.18/Modules/CMakeCXXCompilerABI.cpp -quiet -dumpbase CMakeCXXCompilerABI.cpp -mlittle-endian -mabi=lp64 -auxbase-strip CMakeFiles/cmTC_8b6d8.dir/CMakeCXXCompilerABI.cpp.o -version -fasynchronous-unwind-tables -o /tmp/cctW4x1t.s]
  ignore line: [GNU C++14 (Debian 10.2.1-6) version 10.2.1 20210110 (aarch64-linux-gnu)]
  ignore line: [	compiled by GNU C version 10.2.1 20210110  GMP version 6.2.1  MPFR version 4.1.0  MPC version 1.2.0  isl version isl-0.23-GMP]
  ignore line: []
  ignore line: [GGC heuristics: --param ggc-min-expand=100 --param ggc-min-heapsize=131072]
  ignore line: [ignoring duplicate directory "/usr/include/aarch64-linux-gnu/c++/10"]
  ignore line: [ignoring nonexistent directory "/usr/local/include/aarch64-linux-gnu"]
  ignore line: [ignoring nonexistent directory "/usr/lib/gcc/aarch64-linux-gnu/10/include-fixed"]
  ignore line: [ignoring nonexistent directory "/usr/lib/gcc/aarch64-linux-gnu/10/../../../../aarch64-linux-gnu/include"]
  ignore line: [#include "..." search starts here:]
  ignore line: [#include <...> search starts here:]
  ignore line: [ /usr/include/c++/10]
  ignore line: [ /usr/include/aarch64-linux-gnu/c++/10]
  ignore line: [ /usr/include/c++/10/backward]
  ignore line: [ /usr/lib/gcc/aarch64-linux-gnu/10/include]
  ignore line: [ /usr/local/include]
  ignore line: [ /usr/include/aarch64-linux-gnu]
  ignore line: [ /usr/include]
  ignore line: [End of search list.]
  ignore line: [GNU C++14 (Debian 10.2.1-6) version 10.2.1 20210110 (aarch64-linux-gnu)]
  ignore line: [	compiled by GNU C version 10.2.1 20210110  GMP version 6.2.1  MPFR version 4.1.0  MPC version 1.2.0  isl version isl-0.23-GMP]
  ignore line: []
  ignore line: [GGC heuristics: --param ggc-min-expand=100 --param ggc-min-heapsize=131072]
  ignore line: [Compiler executable checksum: 7ff9b3e77ba341f92c3fc11acba5d5f9]
  ignore line: [COLLECT_GCC_OPTIONS='-v' '-o' 'CMakeFiles/cmTC_8b6d8.dir/CMakeCXXCompilerABI.cpp.o' '-c' '-shared-libgcc' '-mlittle-endian' '-mabi=lp64']
  ignore line: [ as -v -EL -mabi=lp64 -o CMakeFiles/cmTC_8b6d8.dir/CMakeCXXCompilerABI.cpp.o /tmp/cctW4x1t.s]
  ignore line: [GNU assembler version 2.35.2 (aarch64-linux-gnu) using BFD version (GNU Binutils for Debian) 2.35.2]
  ignore line: [COMPILER_PATH=/usr/lib/gcc/aarch64-linux-gnu/10/:/usr/lib/gcc/aarch64-linux-gnu/10/:/usr/lib/gcc/aarch64-linux-gnu/:/usr/lib/gcc/aarch64-linux-gnu/10/:/usr/lib/gcc/aarch64-linux-gnu/]
  ignore line: [LIBRARY_PATH=/usr/lib/gcc/aarch64-linux-gnu/10/:/usr/lib/gcc/aarch64-linux-gnu/10/../../../aarch64-linux-gnu/:/usr/lib/gcc/aarch64-linux-gnu/10/../../../../lib/:/lib/aarch64-linux-gnu/:/lib/../lib/:/usr/lib/aarch64-linux-gnu/:/usr/lib/../lib/:/usr/lib/gcc/aarch64-linux-gnu/10/../../../:/lib/:/usr/lib/]
  ignore line: [COLLECT_GCC_OPTIONS='-v' '-o' 'CMakeFiles/cmTC_8b6d8.dir/CMakeCXXCompilerABI.cpp.o' '-c' '-shared-libgcc' '-mlittle-endian' '-mabi=lp64']
  ignore line: [Linking CXX executable cmTC_8b6d8]
  ignore line: [/usr/bin/cmake -E cmake_link_script CMakeFiles/cmTC_8b6d8.dir/link.txt --verbose=1]
  ignore line: [/usr/bin/aarch64-linux-gnu-g++  -v -rdynamic CMakeFiles/cmTC_8b6d8.dir/CMakeCXXCompilerABI.cpp.o -o cmTC_8b6d8 ]
  ignore line: [Using built-in specs.]
  ignore line: [COLLECT_GCC=/usr/bin/aarch64-linux-gnu-g++]
  ignore line: [COLLECT_LTO_WRAPPER=/usr/lib/gcc/aarch64-linux-gnu/10/lto-wrapper]
  ignore line: [Target: aarch64-linux-gnu]
  ignore line: [Configured with: ../src/configure -v --with-pkgversion='Debian 10.2.1-6' --with-bugurl=file:///usr/share/doc/gcc-10/README.Bugs --enable-languages=c ada c++ go d fortran objc obj-c++ m2 --prefix=/usr --with-gcc-major-version-only --program-suffix=-10 --program-prefix=aarch64-linux-gnu- --enable-shared --enable-linker-build-id --libexecdir=/usr/lib --without-included-gettext --enable-threads=posix --libdir=/usr/lib --enable-nls --enable-bootstrap --enable-clocale=gnu --enable-libstdcxx-debug --enable-libstdcxx-time=yes --with-default-libstdcxx-abi=new --enable-gnu-unique-object --disable-libquadmath --disable-libquadmath-support --enable-plugin --enable-default-pie --with-system-zlib --enable-libphobos-checking=release --with-target-system-zlib=auto --enable-objc-gc=auto --enable-multiarch --enable-fix-cortex-a53-843419 --disable-werror --enable-checking=release --build=aarch64-linux-gnu --host=aarch64-linux-gnu --target=aarch64-linux-gnu --with-build-config=bootstrap-lto-lean --enable-link-mutex]
  ignore line: [Thread model: posix]
  ignore line: [Supported LTO compression algorithms: zlib zstd]
  ignore line: [gcc version 10.2.1 20210110 (Debian 10.2.1-6) ]
  ignore line: [COMPILER_PATH=/usr/lib/gcc/aarch64-linux-gnu/10/:/usr/lib/gcc/aarch64-linux-gnu/10/:/usr/lib/gcc/aarch64-linux-gnu/:/usr/lib/gcc/aarch64-linux-gnu/10/:/usr/lib/gcc/aarch64-linux-gnu/]
  ignore line: [LIBRARY_PATH=/usr/lib/gcc/aarch64-linux-gnu/10/:/usr/lib/gcc/aarch64-linux-gnu/10/../../../aarch64-linux-gnu/:/usr/lib/gcc/aarch64-linux-gnu/10/../../../../lib/:/lib/aarch64-linux-gnu/:/lib/../lib/:/usr/lib/aarch64-linux-gnu/:/usr/lib/../lib/:/usr/lib/gcc/aarch64-linux-gnu/10/../../../:/lib/:/usr/lib/]
  ignore line: [COLLECT_GCC_OPTIONS='-v' '-rdynamic' '-o' 'cmTC_8b6d8' '-shared-libgcc' '-mlittle-endian' '-mabi=lp64']
  link line: [ /usr/lib/gcc/aarch64-linux-gnu/10/collect2 -plugin /usr/lib/gcc/aarch64-linux-gnu/10/liblto_plugin.so -plugin-opt=/usr/lib/gcc/aarch64-linux-gnu/10/lto-wrapper -plugin-opt=-fresolution=/tmp/cctQJZMZ.res -plugin-opt=-pass-through=-lgcc_s -plugin-opt=-pass-through=-lgcc -plugin-opt=-pass-through=-lc -plugin-opt=-pass-through=-lgcc_s -plugin-opt=-pass-through=-lgcc --build-id --eh-frame-hdr --hash-style=gnu --as-needed -export-dynamic -dynamic-linker /lib/ld-linux-aarch64.so.1 -X -EL -maarch64linux --fix-cortex-a53-843419 -pie -o cmTC_8b6d8 /usr/lib/gcc/aarch64-linux-gnu/10/../../../aarch64-linux-gnu/Scrt1.o /usr/lib/gcc/aarch64-linux-gnu/10/../../../aarch64-linux-gnu/crti.o /usr/lib/gcc/aarch64-linux-gnu/10/crtbeginS.o -L/usr/lib/gcc/aarch64-linux-gnu/10 -L/usr/lib/gcc/aarch64-linux-gnu/10/../../../aarch64-linux-gnu -L/usr/lib/gcc/aarch64-linux-gnu/10/../../../../lib -L/lib/aarch64-linux-gnu -L/lib/../lib -L/usr/lib/aarch64-linux-gnu -L/usr/lib/../lib -L/usr/lib/gcc/aarch64-linux-gnu/10/../../.. CMakeFiles/cmTC_8b6d8.dir/CMakeCXXCompilerABI.cpp.o -lstdc++ -lm -lgcc_s -lgcc -lc -lgcc_s -lgcc /usr/lib/gcc/aarch64-linux-gnu/10/crtendS.o /usr/lib/gcc/aarch64-linux-gnu/10/../../../aarch64-linux-gnu/crtn.o]
    arg [/usr/lib/gcc/aarch64-linux-gnu/10/collect2] ==> ignore
    arg [-plugin] ==> ignore
    arg [/usr/lib/gcc/aarch64-linux-gnu/10/liblto_plugin.so] ==> ignore
    arg [-plugin-opt=/usr/lib/gcc/aarch64-linux-gnu/10/lto-wrapper] ==> ignore
    arg [-plugin-opt=-fresolution=/tmp/cctQJZMZ.res] ==> ignore
    arg [-plugin-opt=-pass-through=-lgcc_s] ==> ignore
    arg [-plugin-opt=-pass-through=-lgcc] ==> ignore
    arg [-plugin-opt=-pass-through=-lc] ==> ignore
    arg [-plugin-opt=-pass-through=-lgcc_s] ==> ignore
    arg [-plugin-opt=-pass-through=-lgcc] ==> ignore
    arg [--build-id] ==> ignore
    arg [--eh-frame-hdr] ==> ignore
    arg [--hash-style=gnu] ==> ignore
    arg [--as-needed] ==> ignore
    arg [-export-dynamic] ==> ignore
    arg [-dynamic-linker] ==> ignore
    arg [/lib/ld-linux-aarch64.so.1] ==> ignore
    arg [-X] ==> ignore
    arg [-EL] ==> ignore
    arg [-maarch64linux] ==> ignore
    arg [--fix-cortex-a53-843419] ==> ignore
    arg [-pie] ==> ignore
    arg [-o] ==> ignore
    arg [cmTC_8b6d8] ==> ignore
    arg [/usr/lib/gcc/aarch64-linux-gnu/10/../../../aarch64-linux-gnu/Scrt1.o] ==> ignore
    arg [/usr/lib/gcc/aarch64-linux-gnu/10/../../../aarch64-linux-gnu/crti.o] ==> ignore
    arg [/usr/lib/gcc/aarch64-linux-gnu/10/crtbeginS.o] ==> ignore
    arg [-L/usr/lib/gcc/aarch64-linux-gnu/10] ==> dir [/usr/lib/gcc/aarch64-linux-gnu/10]
    arg [-L/usr/lib/gcc/aarch64-linux-gnu/10/../../../aarch64-linux-gnu] ==> dir [/usr/lib/gcc/aarch64-linux-gnu/10/../../../aarch64-linux-gnu]
    arg [-L/usr/lib/gcc/aarch64-linux-gnu/10/../../../../lib] ==> dir [/usr/lib/gcc/aarch64-linux-gnu/10/../../../../lib]
    arg [-L/lib/aarch64-linux-gnu] ==> dir [/lib/aarch64-linux-gnu]
    arg [-L/lib/../lib] ==> dir [/lib/../lib]
    arg [-L/usr/lib/aarch64-linux-gnu] ==> dir [/usr/lib/aarch64-linux-gnu]
    arg [-L/usr/lib/../lib] ==> dir [/usr/lib/../lib]
    arg [-L/usr/lib/gcc/aarch64-linux-gnu/10/../../..] ==> dir [/usr/lib/gcc/aarch64-linux-gnu/10/../../..]
    arg [CMakeFiles/cmTC_8b6d8.dir/CMakeCXXCompilerABI.cpp.o] ==> ignore
    arg [-lstdc++] ==> lib [stdc++]
    arg [-lm] ==> lib [m]
    arg [-lgcc_s] ==> lib [gcc_s]
    arg [-lgcc] ==> lib [gcc]
    arg [-lc] ==> lib [c]
    arg [-lgcc_s] ==> lib [gcc_s]
    arg [-lgcc] ==> lib [gcc]
    arg [/usr/lib/gcc/aarch64-linux-gnu/10/crtendS.o] ==> ignore
    arg [/usr/lib/gcc/aarch64-linux-gnu/10/../../../aarch64-linux-gnu/crtn.o] ==> ignore
  collapse library dir [/usr/lib/gcc/aarch64-linux-gnu/10] ==> [/usr/lib/gcc/aarch64-linux-gnu/10]
  collapse library dir [/usr/lib/gcc/aarch64-linux-gnu/10/../../../aarch64-linux-gnu] ==> [/usr/lib/aarch64-linux-gnu]
  collapse library dir [/usr/lib/gcc/aarch64-linux-gnu/10/../../../../lib] ==> [/usr/lib]
  collapse library dir [/lib/aarch64-linux-gnu] ==> [/lib/aarch64-linux-gnu]
  collapse library dir [/lib/../lib] ==> [/lib]
  collapse library dir [/usr/lib/aarch64-linux-gnu] ==> [/usr/lib/aarch64-linux-gnu]
  collapse library dir [/usr/lib/../lib] ==> [/usr/lib]
  collapse library dir [/usr/lib/gcc/aarch64-linux-gnu/10/../../..] ==> [/usr/lib]
  implicit libs: [stdc++;m;gcc_s;gcc;c;gcc_s;gcc]
  implicit dirs: [/usr/lib/gcc/aarch64-linux-gnu/10;/usr/lib/aarch64-linux-gnu;/usr/lib;/lib/aarch64-linux-gnu;/lib]
  implicit fwks: []


Performing C++ SOURCE FILE Test COMPILER_SUPPORTS_CXX11 succeeded with the following output:
Change Dir: /com.docker.devenvironments.code/build/CMakeFiles/CMakeTmp

Run Build Command(s):/usr/bin/gmake cmTC_01f0d/fast && /usr/bin/gmake  -f CMakeFiles/cmTC_01f0d.dir/build.make CMakeFiles/cmTC_01f0d.dir/build
gmake[1]: Entering directory '/com.docker.devenvironments.code/build/CMakeFiles/CMakeTmp'
Building CXX object CMakeFiles/cmTC_01f0d.dir/src.cxx.o
/usr/bin/aarch64-linux-gnu-g++   -DCOMPILER_SUPPORTS_CXX11   -std=gnu++11 -o CMakeFiles/cmTC_01f0d.dir/src.cxx.o -c /com.docker.devenvironments.code/build/CMakeFiles/CMakeTmp/src.cxx
Linking CXX executable cmTC_01f0d
/usr/bin/cmake -E cmake_link_script CMakeFiles/cmTC_01f0d.dir/link.txt --verbose=1
/usr/bin/aarch64-linux-gnu-g++  -DCOMPILER_SUPPORTS_CXX11 -rdynamic CMakeFiles/cmTC_01f0d.dir/src.cxx.o -o cmTC_01f0d 
gmake[1]: Leaving directory '/com.docker.devenvironments.code/build/CMakeFiles/CMakeTmp'


Source file was:
int main() { return 0; }
Performing C SOURCE FILE Test COMPILER_SUPPORTS_C11 succeeded with the following output:
Change Dir: /com.docker.devenvironments.code/build/CMakeFiles/CMakeTmp

Run Build Command(s):/usr/bin/gmake cmTC_79407/fast && /usr/bin/gmake  -f CMakeFiles/cmTC_79407.dir/build.make CMakeFiles/cmTC_79407.dir/build
gmake[1]: Entering directory '/com.docker.devenvironments.code/build/CMakeFiles/CMakeTmp'
Building C object CMakeFiles/cmTC_79407.dir/src.c.o
/usr/bin/aarch64-linux-gnu-gcc   -DCOMPILER_SUPPORTS_C11   -std=gnu11 -o CMakeFiles/cmTC_79407.dir/src.c.o -c /com.docker.devenvironments.code/build/CMakeFiles/CMakeTmp/src.c
Linking C executable cmTC_79407
/usr/bin/cmake -E cmake_link_script CMakeFiles/cmTC_79407.dir/link.txt --verbose=1
/usr/bin/aarch64-linux-gnu-gcc  -DCOMPILER_SUPPORTS_C11 -rdynamic CMakeFiles/cmTC_79407.dir/src.c.o -o cmTC_79407 
gmake[1]: Leaving directory '/com.docker.devenvironments.code/build/CMakeFiles/CMakeTmp'


Source file was:
int main(void) { return 0; }
Determining if the function epoll_create exists passed with the following output:
Change Dir: /com.docker.devenvironments.code/build/CMakeFiles/CMakeTmp

Run Build Command(s):/usr/bin/gmake cmTC_727e0/fast && /usr/bin/gmake  -f CMakeFiles/cmTC_727e0.dir/build.make CMakeFiles/cmTC_727e0.dir/build
gmake[1]: Entering directory '/com.docker.devenvironments.code/build/CMakeFiles/CMakeTmp'
Building C object CMakeFiles/cmTC_727e0.dir/CheckFunctionExists.c.o
/usr/bin/aarch64-linux-gnu-gcc  -I/com.docker.devenvironments.code/build/CMakeFiles/CMakeTmp/sys/epoll.h -std=gnu11 -DCHECK_FUNCTION_EXISTS=epoll_create -o CMakeFiles/cmTC_727e0.dir/CheckFunctionExists.c.o -c /usr/share/cmake-3.18/Modules/CheckFunctionExists.c
Linking C executable cmTC_727e0
/usr/bin/cmake -E cmake_link_script CMakeFiles/cmTC_727e0.dir/link.txt --verbose=1
/usr/bin/aarch64-linux-gnu-gcc  -std=gnu11 -DCHECK_FUNCTION_EXISTS=epoll_create -rdynamic CMakeFiles/cmTC_727e0.dir/CheckFunctionExists.c.o -o cmTC_727e0 
gmake[1]: Leaving directory '/com.docker.devenvironments.code/build/CMakeFiles/CMakeTmp'



Determining if the function epoll_create1 exists passed with the following output:
Change Dir: /com.docker.devenvironments.code/build/CMakeFiles/CMakeTmp

Run Build Command(s):/usr/bin/gmake cmTC_241ad/fast && /usr/bin/gmake  -f CMakeFiles/cmTC_241ad.dir/build.make CMakeFiles/cmTC_241ad.dir/build
gmake[1]: Entering directory '/com.docker.devenvironments.code/build/CMakeFiles/CMakeTmp'
Building C object CMakeFiles/cmTC_241ad.dir/CheckFunctionExists.c.o
/usr/bin/aarch64-linux-gnu-gcc   -std=gnu11 -DCHECK_FUNCTION_EXISTS=epoll_create1 -o CMakeFiles/cmTC_241ad.dir/CheckFunctionExists.c.o -c /usr/share/cmake-3.18/Modules/CheckFunctionExists.c
Linking C executable cmTC_241ad
/usr/bin/cmake -E cmake_link_script CMakeFiles/cmTC_241ad.dir/link.txt --verbose=1
/usr/bin/aarch64-linux-gnu-gcc  -std=gnu11 -DCHECK_FUNCTION_EXISTS=epoll_create1 -rdynamic CMakeFiles/cmTC_241ad.dir/CheckFunctionExists.c.o -o cmTC_241ad 
gmake[1]: Leaving directory '/com.docker.devenvironments.code/build/CMakeFiles/CMakeTmp'



Determining if files ifaddrs.h exist passed with the following output:
Change Dir: /com.docker.devenvironments.code/build/CMakeFiles/CMakeTmp

Run Build Command(s):/usr/bin/gmake cmTC_f6f30/fast && /usr/bin/gmake  -f CMakeFiles/cmTC_f6f30.dir/build.make CMakeFiles/cmTC_f6f30.dir/build
gmake[1]: Entering directory '/com.docker.devenvironments.code/build/CMakeFiles/CMakeTmp'
Building C object CMakeFiles/cmTC_f6f30.dir/ZMQ_HAVE_IFADDRS.c.o
/usr/bin/aarch64-linux-gnu-gcc   -std=gnu11  -o CMakeFiles/cmTC_f6f30.dir/ZMQ_HAVE_IFADDRS.c.o -c /com.docker.devenvironments.code/build/CMakeFiles/CheckIncludeFiles/ZMQ_HAVE_IFADDRS.c
Linking C executable cmTC_f6f30
/usr/bin/cmake -E cmake_link_script CMakeFiles/cmTC_f6f30.dir/link.txt --verbose=1
/usr/bin/aarch64-linux-gnu-gcc  -std=gnu11  -rdynamic CMakeFiles/cmTC_f6f30.dir/ZMQ_HAVE_IFADDRS.c.o -o cmTC_f6f30 
gmake[1]: Leaving directory '/com.docker.devenvironments.code/build/CMakeFiles/CMakeTmp'



Determining if files sys/uio.h exist passed with the following output:
Change Dir: /com.docker.devenvironments.code/build/CMakeFiles/CMakeTmp

Run Build Command(s):/usr/bin/gmake cmTC_a4a11/fast && /usr/bin/gmake  -f CMakeFiles/cmTC_a4a11.dir/build.make CMakeFiles/cmTC_a4a11.dir/build
gmake[1]: Entering directory '/com.docker.devenvironments.code/build/CMakeFiles/CMakeTmp'
Building C object CMakeFiles/cmTC_a4a11.dir/ZMQ_HAVE_UIO.c.o
/usr/bin/aarch64-linux-gnu-gcc   -std=gnu11  -o CMakeFiles/cmTC_a4a11.dir/ZMQ_HAVE_UIO.c.o -c /com.docker.devenvironments.code/build/CMakeFiles/CheckIncludeFiles/ZMQ_HAVE_UIO.c
Linking C executable cmTC_a4a11
/usr/bin/cmake -E cmake_link_script CMakeFiles/cmTC_a4a11.dir/link.txt --verbose=1
/usr/bin/aarch64-linux-gnu-gcc  -std=gnu11  -rdynamic CMakeFiles/cmTC_a4a11.dir/ZMQ_HAVE_UIO.c.o -o cmTC_a4a11 
gmake[1]: Leaving directory '/com.docker.devenvironments.code/build/CMakeFiles/CMakeTmp'



Determining if files sys/eventfd.h exist passed with the following output:
Change Dir: /com.docker.devenvironments.code/build/CMakeFiles/CMakeTmp

Run Build Command(s):/usr/bin/gmake cmTC_c5a1f/fast && /usr/bin/gmake  -f CMakeFiles/cmTC_c5a1f.dir/build.make CMakeFiles/cmTC_c5a1f.dir/build
gmake[1]: Entering directory '/com.docker.devenvironments.code/build/CMakeFiles/CMakeTmp'
Building C object CMakeFiles/cmTC_c5a1f.dir/ZMQ_HAVE_EVENTFD.c.o
/usr/bin/aarch64-linux-gnu-gcc   -std=gnu11  -o CMakeFiles/cmTC_c5a1f.dir/ZMQ_HAVE_EVENTFD.c.o -c /com.docker.devenvironments.code/build/CMakeFiles/CheckIncludeFiles/ZMQ_HAVE_EVENTFD.c
Linking C executable cmTC_c5a1f
/usr/bin/cmake -E cmake_link_script CMakeFiles/cmTC_c5a1f.dir/link.txt --verbose=1
/usr/bin/aarch64-linux-gnu-gcc  -std=gnu11  -rdynamic CMakeFiles/cmTC_c5a1f.dir/ZMQ_HAVE_EVENTFD.c.o -o cmTC_c5a1f 
gmake[1]: Leaving directory '/com.docker.devenvironments.code/build/CMakeFiles/CMakeTmp'



Performing C SOURCE FILE Test ZMQ_HAVE_EVENTFD_CLOEXEC succeeded with the following compile output:
Change Dir: /com.docker.devenvironments.code/build/CMakeFiles/CMakeTmp

Run Build Command(s):/usr/bin/gmake cmTC_57089/fast && /usr/bin/gmake  -f CMakeFiles/cmTC_57089.dir/build.make CMakeFiles/cmTC_57089.dir/build
gmake[1]: Entering directory '/com.docker.devenvironments.code/build/CMakeFiles/CMakeTmp'
Building C object CMakeFiles/cmTC_57089.dir/src.c.o
/usr/bin/aarch64-linux-gnu-gcc   -std=gnu11 -DZMQ_HAVE_EVENTFD_CLOEXEC -o CMakeFiles/cmTC_57089.dir/src.c.o -c /com.docker.devenvironments.code/build/CMakeFiles/CMakeTmp/src.c
Linking C executable cmTC_57089
/usr/bin/cmake -E cmake_link_script CMakeFiles/cmTC_57089.dir/link.txt --verbose=1
/usr/bin/aarch64-linux-gnu-gcc  -std=gnu11 -DZMQ_HAVE_EVENTFD_CLOEXEC -rdynamic CMakeFiles/cmTC_57089.dir/src.c.o -o cmTC_57089 
gmake[1]: Leaving directory '/com.docker.devenvironments.code/build/CMakeFiles/CMakeTmp'


...and run output:

Return value: 1
Source file was:

#include <sys/eventfd.h>

int main(int argc, char *argv [])
{
    int s = eventfd (0, EFD_CLOEXEC);
    return(s == -1);
}

Determining if the SO_PEERCRED exist passed with the following output:
Change Dir: /com.docker.devenvironments.code/build/CMakeFiles/CMakeTmp

Run Build Command(s):/usr/bin/gmake cmTC_5e630/fast && /usr/bin/gmake  -f CMakeFiles/cmTC_5e630.dir/build.make CMakeFiles/cmTC_5e630.dir/build
gmake[1]: Entering directory '/com.docker.devenvironments.code/build/CMakeFiles/CMakeTmp'
Building CXX object CMakeFiles/cmTC_5e630.dir/CheckSymbolExists.cxx.o
/usr/bin/aarch64-linux-gnu-g++   -std=gnu++11  -o CMakeFiles/cmTC_5e630.dir/CheckSymbolExists.cxx.o -c /com.docker.devenvironments.code/build/CMakeFiles/CMakeTmp/CheckSymbolExists.cxx
Linking CXX executable cmTC_5e630
/usr/bin/cmake -E cmake_link_script CMakeFiles/cmTC_5e630.dir/link.txt --verbose=1
/usr/bin/aarch64-linux-gnu-g++  -std=gnu++11  -rdynamic CMakeFiles/cmTC_5e630.dir/CheckSymbolExists.cxx.o -o cmTC_5e630 
gmake[1]: Leaving directory '/com.docker.devenvironments.code/build/CMakeFiles/CMakeTmp'


File /com.docker.devenvironments.code/build/CMakeFiles/CMakeTmp/CheckSymbolExists.cxx:
/* */
#include <sys/socket.h>

int main(int argc, char** argv)
{
  (void)argv;
#ifndef SO_PEERCRED
  return ((int*)(&SO_PEERCRED))[argc];
#else
  (void)argc;
  return 0;
#endif
}
Determining if the include file pthread.h exists passed with the following output:
Change Dir: /com.docker.devenvironments.code/build/CMakeFiles/CMakeTmp

Run Build Command(s):/usr/bin/gmake cmTC_522a9/fast && /usr/bin/gmake  -f CMakeFiles/cmTC_522a9.dir/build.make CMakeFiles/cmTC_522a9.dir/build
gmake[1]: Entering directory '/com.docker.devenvironments.code/build/CMakeFiles/CMakeTmp'
Building C object CMakeFiles/cmTC_522a9.dir/CheckIncludeFile.c.o
/usr/bin/aarch64-linux-gnu-gcc   -std=gnu11  -o CMakeFiles/cmTC_522a9.dir/CheckIncludeFile.c.o -c /com.docker.devenvironments.code/build/CMakeFiles/CMakeTmp/CheckIncludeFile.c
Linking C executable cmTC_522a9
/usr/bin/cmake -E cmake_link_script CMakeFiles/cmTC_522a9.dir/link.txt --verbose=1
/usr/bin/aarch64-linux-gnu-gcc  -std=gnu11  -rdynamic CMakeFiles/cmTC_522a9.dir/CheckIncludeFile.c.o -o cmTC_522a9 
gmake[1]: Leaving directory '/com.docker.devenvironments.code/build/CMakeFiles/CMakeTmp'



Determining if the function pthread_create exists in the pthread passed with the following output:
Change Dir: /com.docker.devenvironments.code/build/CMakeFiles/CMakeTmp

Run Build Command(s):/usr/bin/gmake cmTC_42d6f/fast && /usr/bin/gmake  -f CMakeFiles/cmTC_42d6f.dir/build.make CMakeFiles/cmTC_42d6f.dir/build
gmake[1]: Entering directory '/com.docker.devenvironments.code/build/CMakeFiles/CMakeTmp'
Building C object CMakeFiles/cmTC_42d6f.dir/CheckFunctionExists.c.o
/usr/bin/aarch64-linux-gnu-gcc   -std=gnu11 -DCHECK_FUNCTION_EXISTS=pthread_create -o CMakeFiles/cmTC_42d6f.dir/CheckFunctionExists.c.o -c /usr/share/cmake-3.18/Modules/CheckFunctionExists.c
Linking C executable cmTC_42d6f
/usr/bin/cmake -E cmake_link_script CMakeFiles/cmTC_42d6f.dir/link.txt --verbose=1
/usr/bin/aarch64-linux-gnu-gcc  -std=gnu11 -DCHECK_FUNCTION_EXISTS=pthread_create -rdynamic CMakeFiles/cmTC_42d6f.dir/CheckFunctionExists.c.o -o cmTC_42d6f  -lpthread 
gmake[1]: Leaving directory '/com.docker.devenvironments.code/build/CMakeFiles/CMakeTmp'



Determining if the function clock_gettime exists passed with the following output:
Change Dir: /com.docker.devenvironments.code/build/CMakeFiles/CMakeTmp

Run Build Command(s):/usr/bin/gmake cmTC_cd717/fast && /usr/bin/gmake  -f CMakeFiles/cmTC_cd717.dir/build.make CMakeFiles/cmTC_cd717.dir/build
gmake[1]: Entering directory '/com.docker.devenvironments.code/build/CMakeFiles/CMakeTmp'
Building C object CMakeFiles/cmTC_cd717.dir/CheckFunctionExists.c.o
/usr/bin/aarch64-linux-gnu-gcc   -std=gnu11 -DCHECK_FUNCTION_EXISTS=clock_gettime -o CMakeFiles/cmTC_cd717.dir/CheckFunctionExists.c.o -c /usr/share/cmake-3.18/Modules/CheckFunctionExists.c
Linking C executable cmTC_cd717
/usr/bin/cmake -E cmake_link_script CMakeFiles/cmTC_cd717.dir/link.txt --verbose=1
/usr/bin/aarch64-linux-gnu-gcc  -std=gnu11 -DCHECK_FUNCTION_EXISTS=clock_gettime -rdynamic CMakeFiles/cmTC_cd717.dir/CheckFunctionExists.c.o -o cmTC_cd717  -lrt 
gmake[1]: Leaving directory '/com.docker.devenvironments.code/build/CMakeFiles/CMakeTmp'



Determining if the function fork exists passed with the following output:
Change Dir: /com.docker.devenvironments.code/build/CMakeFiles/CMakeTmp

Run Build Command(s):/usr/bin/gmake cmTC_5a1c4/fast && /usr/bin/gmake  -f CMakeFiles/cmTC_5a1c4.dir/build.make CMakeFiles/cmTC_5a1c4.dir/build
gmake[1]: Entering directory '/com.docker.devenvironments.code/build/CMakeFiles/CMakeTmp'
Building C object CMakeFiles/cmTC_5a1c4.dir/CheckFunctionExists.c.o
/usr/bin/aarch64-linux-gnu-gcc  -I/com.docker.devenvironments.code/build/CMakeFiles/CMakeTmp/unistd.h -std=gnu11 -DCHECK_FUNCTION_EXISTS=fork -o CMakeFiles/cmTC_5a1c4.dir/CheckFunctionExists.c.o -c /usr/share/cmake-3.18/Modules/CheckFunctionExists.c
<command-line>: warning: conflicting types for built-in function 'fork'; expected 'int(void)' [-Wbuiltin-declaration-mismatch]
/usr/share/cmake-3.18/Modules/CheckFunctionExists.c:7:3: note: in expansion of macro 'CHECK_FUNCTION_EXISTS'
    7 |   CHECK_FUNCTION_EXISTS(void);
      |   ^~~~~~~~~~~~~~~~~~~~~
Linking C executable cmTC_5a1c4
/usr/bin/cmake -E cmake_link_script CMakeFiles/cmTC_5a1c4.dir/link.txt --verbose=1
/usr/bin/aarch64-linux-gnu-gcc  -std=gnu11 -DCHECK_FUNCTION_EXISTS=fork -rdynamic CMakeFiles/cmTC_5a1c4.dir/CheckFunctionExists.c.o -o cmTC_5a1c4 
gmake[1]: Leaving directory '/com.docker.devenvironments.code/build/CMakeFiles/CMakeTmp'



Determining if the function mkdtemp exists passed with the following output:
Change Dir: /com.docker.devenvironments.code/build/CMakeFiles/CMakeTmp

Run Build Command(s):/usr/bin/gmake cmTC_170da/fast && /usr/bin/gmake  -f CMakeFiles/cmTC_170da.dir/build.make CMakeFiles/cmTC_170da.dir/build
gmake[1]: Entering directory '/com.docker.devenvironments.code/build/CMakeFiles/CMakeTmp'
Building C object CMakeFiles/cmTC_170da.dir/CheckFunctionExists.c.o
/usr/bin/aarch64-linux-gnu-gcc  -I/com.docker.devenvironments.code/build/CMakeFiles/CMakeTmp/stdlib.h -std=gnu11 -DCHECK_FUNCTION_EXISTS=mkdtemp -o CMakeFiles/cmTC_170da.dir/CheckFunctionExists.c.o -c /usr/share/cmake-3.18/Modules/CheckFunctionExists.c
Linking C executable cmTC_170da
/usr/bin/cmake -E cmake_link_script CMakeFiles/cmTC_170da.dir/link.txt --verbose=1
/usr/bin/aarch64-linux-gnu-gcc  -std=gnu11 -DCHECK_FUNCTION_EXISTS=mkdtemp -rdynamic CMakeFiles/cmTC_170da.dir/CheckFunctionExists.c.o -o cmTC_170da 
gmake[1]: Leaving directory '/com.docker.devenvironments.code/build/CMakeFiles/CMakeTmp'



Performing C++ SOURCE FILE Test HAVE_FLAG_-Wall succeeded with the following output:
Change Dir: /com.docker.devenvironments.code/build/CMakeFiles/CMakeTmp

Run Build Command(s):/usr/bin/gmake cmTC_aa13c/fast && /usr/bin/gmake  -f CMakeFiles/cmTC_aa13c.dir/build.make CMakeFiles/cmTC_aa13c.dir/build
gmake[1]: Entering directory '/com.docker.devenvironments.code/build/CMakeFiles/CMakeTmp'
Building CXX object CMakeFiles/cmTC_aa13c.dir/src.cxx.o
/usr/bin/aarch64-linux-gnu-g++   -std=gnu++11 -DHAVE_FLAG_-Wall   -Wall -o CMakeFiles/cmTC_aa13c.dir/src.cxx.o -c /com.docker.devenvironments.code/build/CMakeFiles/CMakeTmp/src.cxx
<command-line>: warning: ISO C++11 requires whitespace after the macro name
Linking CXX executable cmTC_aa13c
/usr/bin/cmake -E cmake_link_script CMakeFiles/cmTC_aa13c.dir/link.txt --verbose=1
/usr/bin/aarch64-linux-gnu-g++  -std=gnu++11 -DHAVE_FLAG_-Wall -rdynamic CMakeFiles/cmTC_aa13c.dir/src.cxx.o -o cmTC_aa13c 
gmake[1]: Leaving directory '/com.docker.devenvironments.code/build/CMakeFiles/CMakeTmp'


Source file was:
int main() { return 0; }
Performing C++ SOURCE FILE Test HAVE_FLAG_-Wextra succeeded with the following output:
Change Dir: /com.docker.devenvironments.code/build/CMakeFiles/CMakeTmp

Run Build Command(s):/usr/bin/gmake cmTC_1a0b1/fast && /usr/bin/gmake  -f CMakeFiles/cmTC_1a0b1.dir/build.make CMakeFiles/cmTC_1a0b1.dir/build
gmake[1]: Entering directory '/com.docker.devenvironments.code/build/CMakeFiles/CMakeTmp'
Building CXX object CMakeFiles/cmTC_1a0b1.dir/src.cxx.o
/usr/bin/aarch64-linux-gnu-g++   -std=gnu++11 -Wall -DHAVE_FLAG_-Wextra   -Wextra -o CMakeFiles/cmTC_1a0b1.dir/src.cxx.o -c /com.docker.devenvironments.code/build/CMakeFiles/CMakeTmp/src.cxx
<command-line>: warning: ISO C++11 requires whitespace after the macro name
Linking CXX executable cmTC_1a0b1
/usr/bin/cmake -E cmake_link_script CMakeFiles/cmTC_1a0b1.dir/link.txt --verbose=1
/usr/bin/aarch64-linux-gnu-g++  -std=gnu++11 -Wall -DHAVE_FLAG_-Wextra -rdynamic CMakeFiles/cmTC_1a0b1.dir/src.cxx.o -o cmTC_1a0b1 
gmake[1]: Leaving directory '/com.docker.devenvironments.code/build/CMakeFiles/CMakeTmp'


Source file was:
int main() { return 0; }
Performing C++ SOURCE FILE Test HAVE_FLAG_-Wno-long-long succeeded with the following output:
Change Dir: /com.docker.devenvironments.code/build/CMakeFiles/CMakeTmp

Run Build Command(s):/usr/bin/gmake cmTC_4dcdb/fast && /usr/bin/gmake  -f CMakeFiles/cmTC_4dcdb.dir/build.make CMakeFiles/cmTC_4dcdb.dir/build
gmake[1]: Entering directory '/com.docker.devenvironments.code/build/CMakeFiles/CMakeTmp'
Building CXX object CMakeFiles/cmTC_4dcdb.dir/src.cxx.o
/usr/bin/aarch64-linux-gnu-g++   -std=gnu++11 -Wall -Wextra -DHAVE_FLAG_-Wno-long-long   -Wno-long-long -o CMakeFiles/cmTC_4dcdb.dir/src.cxx.o -c /com.docker.devenvironments.code/build/CMakeFiles/CMakeTmp/src.cxx
<command-line>: warning: ISO C++11 requires whitespace after the macro name
Linking CXX executable cmTC_4dcdb
/usr/bin/cmake -E cmake_link_script CMakeFiles/cmTC_4dcdb.dir/link.txt --verbose=1
/usr/bin/aarch64-linux-gnu-g++  -std=gnu++11 -Wall -Wextra -DHAVE_FLAG_-Wno-long-long -rdynamic CMakeFiles/cmTC_4dcdb.dir/src.cxx.o -o cmTC_4dcdb 
gmake[1]: Leaving directory '/com.docker.devenvironments.code/build/CMakeFiles/CMakeTmp'


Source file was:
int main() { return 0; }
Performing C++ SOURCE FILE Test HAVE_FLAG_-Wno-uninitialized succeeded with the following output:
Change Dir: /com.docker.devenvironments.code/build/CMakeFiles/CMakeTmp

Run Build Command(s):/usr/bin/gmake cmTC_7302c/fast && /usr/bin/gmake  -f CMakeFiles/cmTC_7302c.dir/build.make CMakeFiles/cmTC_7302c.dir/build
gmake[1]: Entering directory '/com.docker.devenvironments.code/build/CMakeFiles/CMakeTmp'
Building CXX object CMakeFiles/cmTC_7302c.dir/src.cxx.o
/usr/bin/aarch64-linux-gnu-g++   -std=gnu++11 -Wall -Wextra -Wno-long-long -DHAVE_FLAG_-Wno-uninitialized   -Wno-uninitialized -o CMakeFiles/cmTC_7302c.dir/src.cxx.o -c /com.docker.devenvironments.code/build/CMakeFiles/CMakeTmp/src.cxx
<command-line>: warning: ISO C++11 requires whitespace after the macro name
Linking CXX executable cmTC_7302c
/usr/bin/cmake -E cmake_link_script CMakeFiles/cmTC_7302c.dir/link.txt --verbose=1
/usr/bin/aarch64-linux-gnu-g++  -std=gnu++11 -Wall -Wextra -Wno-long-long -DHAVE_FLAG_-Wno-uninitialized -rdynamic CMakeFiles/cmTC_7302c.dir/src.cxx.o -o cmTC_7302c 
gmake[1]: Leaving directory '/com.docker.devenvironments.code/build/CMakeFiles/CMakeTmp'


Source file was:
int main() { return 0; }
Performing C++ SOURCE FILE Test HAVE_FLAG_-pedantic succeeded with the following output:
Change Dir: /com.docker.devenvironments.code/build/CMakeFiles/CMakeTmp

Run Build Command(s):/usr/bin/gmake cmTC_11e63/fast && /usr/bin/gmake  -f CMakeFiles/cmTC_11e63.dir/build.make CMakeFiles/cmTC_11e63.dir/build
gmake[1]: Entering directory '/com.docker.devenvironments.code/build/CMakeFiles/CMakeTmp'
Building CXX object CMakeFiles/cmTC_11e63.dir/src.cxx.o
/usr/bin/aarch64-linux-gnu-g++   -std=gnu++11 -Wall -Wextra -Wno-long-long -Wno-uninitialized -DHAVE_FLAG_-pedantic   -pedantic -o CMakeFiles/cmTC_11e63.dir/src.cxx.o -c /com.docker.devenvironments.code/build/CMakeFiles/CMakeTmp/src.cxx
<command-line>: warning: ISO C++11 requires whitespace after the macro name
Linking CXX executable cmTC_11e63
/usr/bin/cmake -E cmake_link_script CMakeFiles/cmTC_11e63.dir/link.txt --verbose=1
/usr/bin/aarch64-linux-gnu-g++  -std=gnu++11 -Wall -Wextra -Wno-long-long -Wno-uninitialized -DHAVE_FLAG_-pedantic -rdynamic CMakeFiles/cmTC_11e63.dir/src.cxx.o -o cmTC_11e63 
gmake[1]: Leaving directory '/com.docker.devenvironments.code/build/CMakeFiles/CMakeTmp'


Source file was:
int main() { return 0; }
Performing C SOURCE FILE Test ZMQ_HAVE_SOCK_CLOEXEC succeeded with the following compile output:
Change Dir: /com.docker.devenvironments.code/build/CMakeFiles/CMakeTmp

Run Build Command(s):/usr/bin/gmake cmTC_27599/fast && /usr/bin/gmake  -f CMakeFiles/cmTC_27599.dir/build.make CMakeFiles/cmTC_27599.dir/build
gmake[1]: Entering directory '/com.docker.devenvironments.code/build/CMakeFiles/CMakeTmp'
Building C object CMakeFiles/cmTC_27599.dir/src.c.o
/usr/bin/aarch64-linux-gnu-gcc   -std=gnu11 -DZMQ_HAVE_SOCK_CLOEXEC -o CMakeFiles/cmTC_27599.dir/src.c.o -c /com.docker.devenvironments.code/build/CMakeFiles/CMakeTmp/src.c
Linking C executable cmTC_27599
/usr/bin/cmake -E cmake_link_script CMakeFiles/cmTC_27599.dir/link.txt --verbose=1
/usr/bin/aarch64-linux-gnu-gcc  -std=gnu11 -DZMQ_HAVE_SOCK_CLOEXEC -rdynamic CMakeFiles/cmTC_27599.dir/src.c.o -o cmTC_27599 
gmake[1]: Leaving directory '/com.docker.devenvironments.code/build/CMakeFiles/CMakeTmp'


...and run output:

Return value: 1
Source file was:

#include <sys/types.h>
#include <sys/socket.h>

int main(int argc, char *argv [])
{
    int s = socket(PF_INET, SOCK_STREAM | SOCK_CLOEXEC, 0);
    return(s == -1);
}

Performing C SOURCE FILE Test ZMQ_HAVE_SO_KEEPALIVE succeeded with the following compile output:
Change Dir: /com.docker.devenvironments.code/build/CMakeFiles/CMakeTmp

Run Build Command(s):/usr/bin/gmake cmTC_b9d8b/fast && /usr/bin/gmake  -f CMakeFiles/cmTC_b9d8b.dir/build.make CMakeFiles/cmTC_b9d8b.dir/build
gmake[1]: Entering directory '/com.docker.devenvironments.code/build/CMakeFiles/CMakeTmp'
Building C object CMakeFiles/cmTC_b9d8b.dir/src.c.o
/usr/bin/aarch64-linux-gnu-gcc   -std=gnu11 -DZMQ_HAVE_SO_KEEPALIVE -o CMakeFiles/cmTC_b9d8b.dir/src.c.o -c /com.docker.devenvironments.code/build/CMakeFiles/CMakeTmp/src.c
Linking C executable cmTC_b9d8b
/usr/bin/cmake -E cmake_link_script CMakeFiles/cmTC_b9d8b.dir/link.txt --verbose=1
/usr/bin/aarch64-linux-gnu-gcc  -std=gnu11 -DZMQ_HAVE_SO_KEEPALIVE -rdynamic CMakeFiles/cmTC_b9d8b.dir/src.c.o -o cmTC_b9d8b 
gmake[1]: Leaving directory '/com.docker.devenvironments.code/build/CMakeFiles/CMakeTmp'


...and run output:

Return value: 1
Source file was:

#include <sys/types.h>
#include <sys/socket.h>

int main(int argc, char *argv [])
{
    int s, rc, opt = 1;
    return(
       ((s = socket(PF_INET, SOCK_STREAM, 0)) == -1) ||
       ((rc = setsockopt(s, SOL_SOCKET, SO_KEEPALIVE,(char*) &opt, sizeof(int))) == -1)
    );
}

Performing C SOURCE FILE Test ZMQ_HAVE_TCP_KEEPCNT succeeded with the following compile output:
Change Dir: /com.docker.devenvironments.code/build/CMakeFiles/CMakeTmp

Run Build Command(s):/usr/bin/gmake cmTC_902ec/fast && /usr/bin/gmake  -f CMakeFiles/cmTC_902ec.dir/build.make CMakeFiles/cmTC_902ec.dir/build
gmake[1]: Entering directory '/com.docker.devenvironments.code/build/CMakeFiles/CMakeTmp'
Building C object CMakeFiles/cmTC_902ec.dir/src.c.o
/usr/bin/aarch64-linux-gnu-gcc   -std=gnu11 -DZMQ_HAVE_TCP_KEEPCNT -o CMakeFiles/cmTC_902ec.dir/src.c.o -c /com.docker.devenvironments.code/build/CMakeFiles/CMakeTmp/src.c
Linking C executable cmTC_902ec
/usr/bin/cmake -E cmake_link_script CMakeFiles/cmTC_902ec.dir/link.txt --verbose=1
/usr/bin/aarch64-linux-gnu-gcc  -std=gnu11 -DZMQ_HAVE_TCP_KEEPCNT -rdynamic CMakeFiles/cmTC_902ec.dir/src.c.o -o cmTC_902ec 
gmake[1]: Leaving directory '/com.docker.devenvironments.code/build/CMakeFiles/CMakeTmp'


...and run output:

Return value: 1
Source file was:

#include <sys/types.h>
#include <sys/socket.h>
#include <netinet/in.h>
#include <netinet/tcp.h>

int main(int argc, char *argv [])
{
    int s, rc, opt = 1;
    return(
       ((s = socket(PF_INET, SOCK_STREAM, 0)) == -1) ||
       ((rc = setsockopt(s, SOL_SOCKET, SO_KEEPALIVE,(char*) &opt, sizeof(int))) == -1) ||
       ((rc = setsockopt(s, IPPROTO_TCP, TCP_KEEPCNT,(char*) &opt, sizeof(int))) == -1)
    );
}

Performing C SOURCE FILE Test ZMQ_HAVE_TCP_KEEPIDLE succeeded with the following compile output:
Change Dir: /com.docker.devenvironments.code/build/CMakeFiles/CMakeTmp

Run Build Command(s):/usr/bin/gmake cmTC_59c20/fast && /usr/bin/gmake  -f CMakeFiles/cmTC_59c20.dir/build.make CMakeFiles/cmTC_59c20.dir/build
gmake[1]: Entering directory '/com.docker.devenvironments.code/build/CMakeFiles/CMakeTmp'
Building C object CMakeFiles/cmTC_59c20.dir/src.c.o
/usr/bin/aarch64-linux-gnu-gcc   -std=gnu11 -DZMQ_HAVE_TCP_KEEPIDLE -o CMakeFiles/cmTC_59c20.dir/src.c.o -c /com.docker.devenvironments.code/build/CMakeFiles/CMakeTmp/src.c
Linking C executable cmTC_59c20
/usr/bin/cmake -E cmake_link_script CMakeFiles/cmTC_59c20.dir/link.txt --verbose=1
/usr/bin/aarch64-linux-gnu-gcc  -std=gnu11 -DZMQ_HAVE_TCP_KEEPIDLE -rdynamic CMakeFiles/cmTC_59c20.dir/src.c.o -o cmTC_59c20 
gmake[1]: Leaving directory '/com.docker.devenvironments.code/build/CMakeFiles/CMakeTmp'


...and run output:

Return value: 1
Source file was:

#include <sys/types.h>
#include <sys/socket.h>
#include <netinet/in.h>
#include <netinet/tcp.h>

int main(int argc, char *argv [])
{
    int s, rc, opt = 1;
    return(
       ((s = socket(PF_INET, SOCK_STREAM, 0)) == -1) ||
       ((rc = setsockopt(s, SOL_SOCKET, SO_KEEPALIVE,(char*) &opt, sizeof(int))) == -1) ||
       ((rc = setsockopt(s, IPPROTO_TCP, TCP_KEEPIDLE,(char*) &opt, sizeof(int))) == -1)
    );
}

Performing C SOURCE FILE Test ZMQ_HAVE_TCP_KEEPINTVL succeeded with the following compile output:
Change Dir: /com.docker.devenvironments.code/build/CMakeFiles/CMakeTmp

Run Build Command(s):/usr/bin/gmake cmTC_a4f1f/fast && /usr/bin/gmake  -f CMakeFiles/cmTC_a4f1f.dir/build.make CMakeFiles/cmTC_a4f1f.dir/build
gmake[1]: Entering directory '/com.docker.devenvironments.code/build/CMakeFiles/CMakeTmp'
Building C object CMakeFiles/cmTC_a4f1f.dir/src.c.o
/usr/bin/aarch64-linux-gnu-gcc   -std=gnu11 -DZMQ_HAVE_TCP_KEEPINTVL -o CMakeFiles/cmTC_a4f1f.dir/src.c.o -c /com.docker.devenvironments.code/build/CMakeFiles/CMakeTmp/src.c
Linking C executable cmTC_a4f1f
/usr/bin/cmake -E cmake_link_script CMakeFiles/cmTC_a4f1f.dir/link.txt --verbose=1
/usr/bin/aarch64-linux-gnu-gcc  -std=gnu11 -DZMQ_HAVE_TCP_KEEPINTVL -rdynamic CMakeFiles/cmTC_a4f1f.dir/src.c.o -o cmTC_a4f1f 
gmake[1]: Leaving directory '/com.docker.devenvironments.code/build/CMakeFiles/CMakeTmp'


...and run output:

Return value: 1
Source file was:

#include <sys/types.h>
#include <sys/socket.h>
#include <netinet/in.h>
#include <netinet/tcp.h>

int main(int argc, char *argv [])
{
    int s, rc, opt = 1;
    return(
       ((s = socket(PF_INET, SOCK_STREAM, 0)) == -1) ||
       ((rc = setsockopt(s, SOL_SOCKET, SO_KEEPALIVE,(char*) &opt, sizeof(int))) == -1) ||
       ((rc = setsockopt(s, IPPROTO_TCP, TCP_KEEPINTVL,(char*) &opt, sizeof(int))) == -1)
    );
}


