Determining if the function kqueue exists failed with the following output:
Change Dir: /com.docker.devenvironments.code/build/CMakeFiles/CMakeTmp

Run Build Command(s):/usr/bin/gmake cmTC_2378c/fast && /usr/bin/gmake  -f CMakeFiles/cmTC_2378c.dir/build.make CMakeFiles/cmTC_2378c.dir/build
gmake[1]: Entering directory '/com.docker.devenvironments.code/build/CMakeFiles/CMakeTmp'
Building C object CMakeFiles/cmTC_2378c.dir/CheckFunctionExists.c.o
/usr/bin/aarch64-linux-gnu-gcc  -I/com.docker.devenvironments.code/build/CMakeFiles/CMakeTmp/sys/event.h -std=gnu11 -DCHECK_FUNCTION_EXISTS=kqueue -o CMakeFiles/cmTC_2378c.dir/CheckFunctionExists.c.o -c /usr/share/cmake-3.18/Modules/CheckFunctionExists.c
Linking C executable cmTC_2378c
/usr/bin/cmake -E cmake_link_script CMakeFiles/cmTC_2378c.dir/link.txt --verbose=1
/usr/bin/aarch64-linux-gnu-gcc  -std=gnu11 -DCHECK_FUNCTION_EXISTS=kqueue -rdynamic CMakeFiles/cmTC_2378c.dir/CheckFunctionExists.c.o -o cmTC_2378c 
/usr/bin/ld: CMakeFiles/cmTC_2378c.dir/CheckFunctionExists.c.o: in function `main':
CheckFunctionExists.c:(.text+0x10): undefined reference to `kqueue'
collect2: error: ld returned 1 exit status
gmake[1]: *** [CMakeFiles/cmTC_2378c.dir/build.make:106: cmTC_2378c] Error 1
gmake[1]: Leaving directory '/com.docker.devenvironments.code/build/CMakeFiles/CMakeTmp'
gmake: *** [Makefile:140: cmTC_2378c/fast] Error 2



Determining if files windows.h exist failed with the following output:
Change Dir: /com.docker.devenvironments.code/build/CMakeFiles/CMakeTmp

Run Build Command(s):/usr/bin/gmake cmTC_55b75/fast && /usr/bin/gmake  -f CMakeFiles/cmTC_55b75.dir/build.make CMakeFiles/cmTC_55b75.dir/build
gmake[1]: Entering directory '/com.docker.devenvironments.code/build/CMakeFiles/CMakeTmp'
Building C object CMakeFiles/cmTC_55b75.dir/ZMQ_HAVE_WINDOWS.c.o
/usr/bin/aarch64-linux-gnu-gcc   -std=gnu11  -o CMakeFiles/cmTC_55b75.dir/ZMQ_HAVE_WINDOWS.c.o -c /com.docker.devenvironments.code/build/CMakeFiles/CheckIncludeFiles/ZMQ_HAVE_WINDOWS.c
/com.docker.devenvironments.code/build/CMakeFiles/CheckIncludeFiles/ZMQ_HAVE_WINDOWS.c:2:10: fatal error: windows.h: No such file or directory
    2 | #include <windows.h>
      |          ^~~~~~~~~~~
compilation terminated.
gmake[1]: *** [CMakeFiles/cmTC_55b75.dir/build.make:85: CMakeFiles/cmTC_55b75.dir/ZMQ_HAVE_WINDOWS.c.o] Error 1
gmake[1]: Leaving directory '/com.docker.devenvironments.code/build/CMakeFiles/CMakeTmp'
gmake: *** [Makefile:140: cmTC_55b75/fast] Error 2


Source:
/* */
#include <windows.h>


int main(void){return 0;}

Determining if the function fopen exists in the ws2_32 failed with the following output:
Change Dir: /com.docker.devenvironments.code/build/CMakeFiles/CMakeTmp

Run Build Command(s):/usr/bin/gmake cmTC_a437d/fast && /usr/bin/gmake  -f CMakeFiles/cmTC_a437d.dir/build.make CMakeFiles/cmTC_a437d.dir/build
gmake[1]: Entering directory '/com.docker.devenvironments.code/build/CMakeFiles/CMakeTmp'
Building C object CMakeFiles/cmTC_a437d.dir/CheckFunctionExists.c.o
/usr/bin/aarch64-linux-gnu-gcc   -std=gnu11 -DCHECK_FUNCTION_EXISTS=fopen -o CMakeFiles/cmTC_a437d.dir/CheckFunctionExists.c.o -c /usr/share/cmake-3.18/Modules/CheckFunctionExists.c
Linking C executable cmTC_a437d
/usr/bin/cmake -E cmake_link_script CMakeFiles/cmTC_a437d.dir/link.txt --verbose=1
/usr/bin/aarch64-linux-gnu-gcc  -std=gnu11 -DCHECK_FUNCTION_EXISTS=fopen -rdynamic CMakeFiles/cmTC_a437d.dir/CheckFunctionExists.c.o -o cmTC_a437d  -lws2_32 
/usr/bin/ld: cannot find -lws2_32
collect2: error: ld returned 1 exit status
gmake[1]: *** [CMakeFiles/cmTC_a437d.dir/build.make:106: cmTC_a437d] Error 1
gmake[1]: Leaving directory '/com.docker.devenvironments.code/build/CMakeFiles/CMakeTmp'
gmake: *** [Makefile:140: cmTC_a437d/fast] Error 2



Determining if the function fopen exists in the ws2 failed with the following output:
Change Dir: /com.docker.devenvironments.code/build/CMakeFiles/CMakeTmp

Run Build Command(s):/usr/bin/gmake cmTC_5475d/fast && /usr/bin/gmake  -f CMakeFiles/cmTC_5475d.dir/build.make CMakeFiles/cmTC_5475d.dir/build
gmake[1]: Entering directory '/com.docker.devenvironments.code/build/CMakeFiles/CMakeTmp'
Building C object CMakeFiles/cmTC_5475d.dir/CheckFunctionExists.c.o
/usr/bin/aarch64-linux-gnu-gcc   -std=gnu11 -DCHECK_FUNCTION_EXISTS=fopen -o CMakeFiles/cmTC_5475d.dir/CheckFunctionExists.c.o -c /usr/share/cmake-3.18/Modules/CheckFunctionExists.c
Linking C executable cmTC_5475d
/usr/bin/cmake -E cmake_link_script CMakeFiles/cmTC_5475d.dir/link.txt --verbose=1
/usr/bin/aarch64-linux-gnu-gcc  -std=gnu11 -DCHECK_FUNCTION_EXISTS=fopen -rdynamic CMakeFiles/cmTC_5475d.dir/CheckFunctionExists.c.o -o cmTC_5475d  -lws2 
/usr/bin/ld: cannot find -lws2
collect2: error: ld returned 1 exit status
gmake[1]: *** [CMakeFiles/cmTC_5475d.dir/build.make:106: cmTC_5475d] Error 1
gmake[1]: Leaving directory '/com.docker.devenvironments.code/build/CMakeFiles/CMakeTmp'
gmake: *** [Makefile:140: cmTC_5475d/fast] Error 2



Determining if the function fopen exists in the rpcrt4 failed with the following output:
Change Dir: /com.docker.devenvironments.code/build/CMakeFiles/CMakeTmp

Run Build Command(s):/usr/bin/gmake cmTC_2fc63/fast && /usr/bin/gmake  -f CMakeFiles/cmTC_2fc63.dir/build.make CMakeFiles/cmTC_2fc63.dir/build
gmake[1]: Entering directory '/com.docker.devenvironments.code/build/CMakeFiles/CMakeTmp'
Building C object CMakeFiles/cmTC_2fc63.dir/CheckFunctionExists.c.o
/usr/bin/aarch64-linux-gnu-gcc   -std=gnu11 -DCHECK_FUNCTION_EXISTS=fopen -o CMakeFiles/cmTC_2fc63.dir/CheckFunctionExists.c.o -c /usr/share/cmake-3.18/Modules/CheckFunctionExists.c
Linking C executable cmTC_2fc63
/usr/bin/cmake -E cmake_link_script CMakeFiles/cmTC_2fc63.dir/link.txt --verbose=1
/usr/bin/aarch64-linux-gnu-gcc  -std=gnu11 -DCHECK_FUNCTION_EXISTS=fopen -rdynamic CMakeFiles/cmTC_2fc63.dir/CheckFunctionExists.c.o -o cmTC_2fc63  -lrpcrt4 
/usr/bin/ld: cannot find -lrpcrt4
collect2: error: ld returned 1 exit status
gmake[1]: *** [CMakeFiles/cmTC_2fc63.dir/build.make:106: cmTC_2fc63] Error 1
gmake[1]: Leaving directory '/com.docker.devenvironments.code/build/CMakeFiles/CMakeTmp'
gmake: *** [Makefile:140: cmTC_2fc63/fast] Error 2



Determining if the function fopen exists in the iphlpapi failed with the following output:
Change Dir: /com.docker.devenvironments.code/build/CMakeFiles/CMakeTmp

Run Build Command(s):/usr/bin/gmake cmTC_798f3/fast && /usr/bin/gmake  -f CMakeFiles/cmTC_798f3.dir/build.make CMakeFiles/cmTC_798f3.dir/build
gmake[1]: Entering directory '/com.docker.devenvironments.code/build/CMakeFiles/CMakeTmp'
Building C object CMakeFiles/cmTC_798f3.dir/CheckFunctionExists.c.o
/usr/bin/aarch64-linux-gnu-gcc   -std=gnu11 -DCHECK_FUNCTION_EXISTS=fopen -o CMakeFiles/cmTC_798f3.dir/CheckFunctionExists.c.o -c /usr/share/cmake-3.18/Modules/CheckFunctionExists.c
Linking C executable cmTC_798f3
/usr/bin/cmake -E cmake_link_script CMakeFiles/cmTC_798f3.dir/link.txt --verbose=1
/usr/bin/aarch64-linux-gnu-gcc  -std=gnu11 -DCHECK_FUNCTION_EXISTS=fopen -rdynamic CMakeFiles/cmTC_798f3.dir/CheckFunctionExists.c.o -o cmTC_798f3  -liphlpapi 
/usr/bin/ld: cannot find -liphlpapi
collect2: error: ld returned 1 exit status
gmake[1]: *** [CMakeFiles/cmTC_798f3.dir/build.make:106: cmTC_798f3] Error 1
gmake[1]: Leaving directory '/com.docker.devenvironments.code/build/CMakeFiles/CMakeTmp'
gmake: *** [Makefile:140: cmTC_798f3/fast] Error 2



Determining if the LOCAL_PEERCRED exist failed with the following output:
Change Dir: /com.docker.devenvironments.code/build/CMakeFiles/CMakeTmp

Run Build Command(s):/usr/bin/gmake cmTC_91ba9/fast && /usr/bin/gmake  -f CMakeFiles/cmTC_91ba9.dir/build.make CMakeFiles/cmTC_91ba9.dir/build
gmake[1]: Entering directory '/com.docker.devenvironments.code/build/CMakeFiles/CMakeTmp'
Building CXX object CMakeFiles/cmTC_91ba9.dir/CheckSymbolExists.cxx.o
/usr/bin/aarch64-linux-gnu-g++   -std=gnu++11  -o CMakeFiles/cmTC_91ba9.dir/CheckSymbolExists.cxx.o -c /com.docker.devenvironments.code/build/CMakeFiles/CMakeTmp/CheckSymbolExists.cxx
/com.docker.devenvironments.code/build/CMakeFiles/CMakeTmp/CheckSymbolExists.cxx: In function 'int main(int, char**)':
/com.docker.devenvironments.code/build/CMakeFiles/CMakeTmp/CheckSymbolExists.cxx:8:19: error: 'LOCAL_PEERCRED' was not declared in this scope; did you mean 'SO_PEERCRED'?
    8 |   return ((int*)(&LOCAL_PEERCRED))[argc];
      |                   ^~~~~~~~~~~~~~
      |                   SO_PEERCRED
gmake[1]: *** [CMakeFiles/cmTC_91ba9.dir/build.make:85: CMakeFiles/cmTC_91ba9.dir/CheckSymbolExists.cxx.o] Error 1
gmake[1]: Leaving directory '/com.docker.devenvironments.code/build/CMakeFiles/CMakeTmp'
gmake: *** [Makefile:140: cmTC_91ba9/fast] Error 2


File /com.docker.devenvironments.code/build/CMakeFiles/CMakeTmp/CheckSymbolExists.cxx:
/* */
#include <sys/socket.h>

int main(int argc, char** argv)
{
  (void)argv;
#ifndef LOCAL_PEERCRED
  return ((int*)(&LOCAL_PEERCRED))[argc];
#else
  (void)argc;
  return 0;
#endif
}
Performing C SOURCE FILE Test CMAKE_HAVE_LIBC_PTHREAD failed with the following output:
Change Dir: /com.docker.devenvironments.code/build/CMakeFiles/CMakeTmp

Run Build Command(s):/usr/bin/gmake cmTC_69737/fast && /usr/bin/gmake  -f CMakeFiles/cmTC_69737.dir/build.make CMakeFiles/cmTC_69737.dir/build
gmake[1]: Entering directory '/com.docker.devenvironments.code/build/CMakeFiles/CMakeTmp'
Building C object CMakeFiles/cmTC_69737.dir/src.c.o
/usr/bin/aarch64-linux-gnu-gcc   -std=gnu11 -DCMAKE_HAVE_LIBC_PTHREAD -o CMakeFiles/cmTC_69737.dir/src.c.o -c /com.docker.devenvironments.code/build/CMakeFiles/CMakeTmp/src.c
Linking C executable cmTC_69737
/usr/bin/cmake -E cmake_link_script CMakeFiles/cmTC_69737.dir/link.txt --verbose=1
/usr/bin/aarch64-linux-gnu-gcc  -std=gnu11 -DCMAKE_HAVE_LIBC_PTHREAD -rdynamic CMakeFiles/cmTC_69737.dir/src.c.o -o cmTC_69737 
/usr/bin/ld: CMakeFiles/cmTC_69737.dir/src.c.o: in function `main':
src.c:(.text+0x34): undefined reference to `pthread_create'
/usr/bin/ld: src.c:(.text+0x3c): undefined reference to `pthread_detach'
/usr/bin/ld: src.c:(.text+0x44): undefined reference to `pthread_cancel'
/usr/bin/ld: src.c:(.text+0x50): undefined reference to `pthread_join'
collect2: error: ld returned 1 exit status
gmake[1]: *** [CMakeFiles/cmTC_69737.dir/build.make:106: cmTC_69737] Error 1
gmake[1]: Leaving directory '/com.docker.devenvironments.code/build/CMakeFiles/CMakeTmp'
gmake: *** [Makefile:140: cmTC_69737/fast] Error 2


Source file was:
#include <pthread.h>

void* test_func(void* data)
{
  return data;
}

int main(void)
{
  pthread_t thread;
  pthread_create(&thread, NULL, test_func, NULL);
  pthread_detach(thread);
  pthread_cancel(thread);
  pthread_join(thread, NULL);
  pthread_atfork(NULL, NULL, NULL);
  pthread_exit(NULL);

  return 0;
}

Determining if the function pthread_create exists in the pthreads failed with the following output:
Change Dir: /com.docker.devenvironments.code/build/CMakeFiles/CMakeTmp

Run Build Command(s):/usr/bin/gmake cmTC_ee5d9/fast && /usr/bin/gmake  -f CMakeFiles/cmTC_ee5d9.dir/build.make CMakeFiles/cmTC_ee5d9.dir/build
gmake[1]: Entering directory '/com.docker.devenvironments.code/build/CMakeFiles/CMakeTmp'
Building C object CMakeFiles/cmTC_ee5d9.dir/CheckFunctionExists.c.o
/usr/bin/aarch64-linux-gnu-gcc   -std=gnu11 -DCHECK_FUNCTION_EXISTS=pthread_create -o CMakeFiles/cmTC_ee5d9.dir/CheckFunctionExists.c.o -c /usr/share/cmake-3.18/Modules/CheckFunctionExists.c
Linking C executable cmTC_ee5d9
/usr/bin/cmake -E cmake_link_script CMakeFiles/cmTC_ee5d9.dir/link.txt --verbose=1
/usr/bin/aarch64-linux-gnu-gcc  -std=gnu11 -DCHECK_FUNCTION_EXISTS=pthread_create -rdynamic CMakeFiles/cmTC_ee5d9.dir/CheckFunctionExists.c.o -o cmTC_ee5d9  -lpthreads 
/usr/bin/ld: cannot find -lpthreads
collect2: error: ld returned 1 exit status
gmake[1]: *** [CMakeFiles/cmTC_ee5d9.dir/build.make:106: cmTC_ee5d9] Error 1
gmake[1]: Leaving directory '/com.docker.devenvironments.code/build/CMakeFiles/CMakeTmp'
gmake: *** [Makefile:140: cmTC_ee5d9/fast] Error 2



Determining if the function gethrtime exists failed with the following output:
Change Dir: /com.docker.devenvironments.code/build/CMakeFiles/CMakeTmp

Run Build Command(s):/usr/bin/gmake cmTC_80460/fast && /usr/bin/gmake  -f CMakeFiles/cmTC_80460.dir/build.make CMakeFiles/cmTC_80460.dir/build
gmake[1]: Entering directory '/com.docker.devenvironments.code/build/CMakeFiles/CMakeTmp'
Building C object CMakeFiles/cmTC_80460.dir/CheckFunctionExists.c.o
/usr/bin/aarch64-linux-gnu-gcc  -I/com.docker.devenvironments.code/build/CMakeFiles/CMakeTmp/sys/time.h -std=gnu11 -DCHECK_FUNCTION_EXISTS=gethrtime -o CMakeFiles/cmTC_80460.dir/CheckFunctionExists.c.o -c /usr/share/cmake-3.18/Modules/CheckFunctionExists.c
Linking C executable cmTC_80460
/usr/bin/cmake -E cmake_link_script CMakeFiles/cmTC_80460.dir/link.txt --verbose=1
/usr/bin/aarch64-linux-gnu-gcc  -std=gnu11 -DCHECK_FUNCTION_EXISTS=gethrtime -rdynamic CMakeFiles/cmTC_80460.dir/CheckFunctionExists.c.o -o cmTC_80460 
/usr/bin/ld: CMakeFiles/cmTC_80460.dir/CheckFunctionExists.c.o: in function `main':
CheckFunctionExists.c:(.text+0x10): undefined reference to `gethrtime'
collect2: error: ld returned 1 exit status
gmake[1]: *** [CMakeFiles/cmTC_80460.dir/build.make:106: cmTC_80460] Error 1
gmake[1]: Leaving directory '/com.docker.devenvironments.code/build/CMakeFiles/CMakeTmp'
gmake: *** [Makefile:140: cmTC_80460/fast] Error 2



Performing C SOURCE FILE Test ZMQ_HAVE_TCP_KEEPALIVE failed with the following compile output:
Change Dir: /com.docker.devenvironments.code/build/CMakeFiles/CMakeTmp

Run Build Command(s):/usr/bin/gmake cmTC_e81e6/fast && /usr/bin/gmake  -f CMakeFiles/cmTC_e81e6.dir/build.make CMakeFiles/cmTC_e81e6.dir/build
gmake[1]: Entering directory '/com.docker.devenvironments.code/build/CMakeFiles/CMakeTmp'
Building C object CMakeFiles/cmTC_e81e6.dir/src.c.o
/usr/bin/aarch64-linux-gnu-gcc   -std=gnu11 -DZMQ_HAVE_TCP_KEEPALIVE -o CMakeFiles/cmTC_e81e6.dir/src.c.o -c /com.docker.devenvironments.code/build/CMakeFiles/CMakeTmp/src.c
/com.docker.devenvironments.code/build/CMakeFiles/CMakeTmp/src.c: In function 'main':
/com.docker.devenvironments.code/build/CMakeFiles/CMakeTmp/src.c:13:42: error: 'TCP_KEEPALIVE' undeclared (first use in this function); did you mean 'SO_KEEPALIVE'?
   13 |        ((rc = setsockopt(s, IPPROTO_TCP, TCP_KEEPALIVE,(char*) &opt, sizeof(int))) == -1)
      |                                          ^~~~~~~~~~~~~
      |                                          SO_KEEPALIVE
/com.docker.devenvironments.code/build/CMakeFiles/CMakeTmp/src.c:13:42: note: each undeclared identifier is reported only once for each function it appears in
gmake[1]: *** [CMakeFiles/cmTC_e81e6.dir/build.make:85: CMakeFiles/cmTC_e81e6.dir/src.c.o] Error 1
gmake[1]: Leaving directory '/com.docker.devenvironments.code/build/CMakeFiles/CMakeTmp'
gmake: *** [Makefile:140: cmTC_e81e6/fast] Error 2


...and run output:

Return value: 1
Source file was:

#include <sys/types.h>
#include <sys/socket.h>
#include <netinet/in.h>
#include <netinet/tcp.h>

int main(int argc, char *argv [])
{
    int s, rc, opt = 1;
    return(
       ((s = socket(PF_INET, SOCK_STREAM, 0)) == -1) ||
       ((rc = setsockopt(s, SOL_SOCKET, SO_KEEPALIVE,(char*) &opt, sizeof(int))) == -1) ||
       ((rc = setsockopt(s, IPPROTO_TCP, TCP_KEEPALIVE,(char*) &opt, sizeof(int))) == -1)
    );
}

Performing C SOURCE FILE Test ZMQ_HAVE_TIPC failed with the following compile output:
Change Dir: /com.docker.devenvironments.code/build/CMakeFiles/CMakeTmp

Run Build Command(s):/usr/bin/gmake cmTC_1fd19/fast && /usr/bin/gmake  -f CMakeFiles/cmTC_1fd19.dir/build.make CMakeFiles/cmTC_1fd19.dir/build
gmake[1]: Entering directory '/com.docker.devenvironments.code/build/CMakeFiles/CMakeTmp'
Building C object CMakeFiles/cmTC_1fd19.dir/src.c.o
/usr/bin/aarch64-linux-gnu-gcc   -std=gnu11 -DZMQ_HAVE_TIPC -o CMakeFiles/cmTC_1fd19.dir/src.c.o -c /com.docker.devenvironments.code/build/CMakeFiles/CMakeTmp/src.c
Linking C executable cmTC_1fd19
/usr/bin/cmake -E cmake_link_script CMakeFiles/cmTC_1fd19.dir/link.txt --verbose=1
/usr/bin/aarch64-linux-gnu-gcc  -std=gnu11 -DZMQ_HAVE_TIPC -rdynamic CMakeFiles/cmTC_1fd19.dir/src.c.o -o cmTC_1fd19 
gmake[1]: Leaving directory '/com.docker.devenvironments.code/build/CMakeFiles/CMakeTmp'


...and run output:

Return value: 255
Source file was:

#include <stdlib.h>
#include <string.h>
#include <fcntl.h>
#include <errno.h>
#include <sys/socket.h>
#include <linux/tipc.h>

int main(int argc, char *argv [])
{
    struct sockaddr_tipc topsrv;
    int sd = socket(AF_TIPC, SOCK_SEQPACKET, 0);
    if (sd == -EAFNOSUPPORT) {
        return 1;
    }
    memset(&topsrv, 0, sizeof(topsrv));
    topsrv.family = AF_TIPC;
    topsrv.addrtype = TIPC_ADDR_NAME;
    topsrv.addr.name.name.type = TIPC_TOP_SRV;
    topsrv.addr.name.name.instance = TIPC_TOP_SRV;
    fcntl(sd, F_SETFL, O_NONBLOCK);
    if (connect(sd, (struct sockaddr *)&topsrv, sizeof(topsrv)) != 0) {
        if (errno != EINPROGRESS)
            return -1;
    }
}

